This is pdfTeX, Version 3.14159265-2.6-1.40.16 (TeX Live 2015) (preloaded format=pdflatex 2015.5.24)  26 JUL 2016 16:59
entering extended mode
 restricted \write18 enabled.
 %&-line parsing enabled.
**beamer_ex
(./beamer_ex.tex
LaTeX2e <2015/01/01>
Babel <3.9l> and hyphenation patterns for 79 languages loaded.
(/usr/local/texlive/2015/texmf-dist/tex/latex/beamer/beamer.cls
(/usr/local/texlive/2015/texmf-dist/tex/latex/beamer/beamerbasercs.sty
Package: beamerbasercs 2015/03/08 (rcs-revision 368aa9ba9d38)
)
Document Class: beamer 2015/01/05 3.36 A class for typesetting presentations (r
cs-revision 8a39122e1f63)
(/usr/local/texlive/2015/texmf-dist/tex/latex/beamer/beamerbasemodes.sty
Package: beamerbasemodes 2013/09/03 (rcs-revision 768f2d98ca64)
\beamer@tempbox=\box26
\beamer@tempcount=\count79
\c@beamerpauses=\count80

(/usr/local/texlive/2015/texmf-dist/tex/latex/beamer/beamerbasedecode.sty
Package: beamerbasedecode 2010/05/01 (rcs-revision efa082c6111d)
\beamer@slideinframe=\count81
\beamer@minimum=\count82
)
\beamer@commentbox=\box27
\beamer@modecount=\count83
)
(/usr/local/texlive/2015/texmf-dist/tex/generic/oberdiek/ifpdf.sty
Package: ifpdf 2011/01/30 v2.3 Provides the ifpdf switch (HO)
Package ifpdf Info: pdfTeX in PDF mode is detected.
)
\headheight=\dimen102
\headdp=\dimen103
\footheight=\dimen104
\sidebarheight=\dimen105
\beamer@tempdim=\dimen106
\beamer@finalheight=\dimen107
\beamer@animht=\dimen108
\beamer@animdp=\dimen109
\beamer@animwd=\dimen110
\beamer@leftmargin=\dimen111
\beamer@rightmargin=\dimen112
\beamer@leftsidebar=\dimen113
\beamer@rightsidebar=\dimen114
\beamer@boxsize=\dimen115
\beamer@vboxoffset=\dimen116
\beamer@descdefault=\dimen117
\beamer@descriptionwidth=\dimen118
\beamer@lastskip=\skip41
\beamer@areabox=\box28
\beamer@animcurrent=\box29
\beamer@animshowbox=\box30
\beamer@sectionbox=\box31
\beamer@logobox=\box32
\beamer@linebox=\box33
\beamer@sectioncount=\count84
\beamer@subsubsectionmax=\count85
\beamer@subsectionmax=\count86
\beamer@sectionmax=\count87
\beamer@totalheads=\count88
\beamer@headcounter=\count89
\beamer@partstartpage=\count90
\beamer@sectionstartpage=\count91
\beamer@subsectionstartpage=\count92
\beamer@animationtempa=\count93
\beamer@animationtempb=\count94
\beamer@xpos=\count95
\beamer@ypos=\count96
\beamer@showpartnumber=\count97
\beamer@currentsubsection=\count98
\beamer@coveringdepth=\count99
\beamer@sectionadjust=\count100
\beamer@tocsectionnumber=\count101

(/usr/local/texlive/2015/texmf-dist/tex/latex/beamer/beamerbaseoptions.sty
Package: beamerbaseoptions 2013/03/10 (rcs-revision 47431932db0d)

(/usr/local/texlive/2015/texmf-dist/tex/latex/graphics/keyval.sty
Package: keyval 2014/10/28 v1.15 key=value parser (DPC)
\KV@toks@=\toks14
))
\beamer@paperwidth=\skip42
\beamer@paperheight=\skip43

(/usr/local/texlive/2015/texmf-dist/tex/latex/geometry/geometry.sty
Package: geometry 2010/09/12 v5.6 Page Geometry

(/usr/local/texlive/2015/texmf-dist/tex/generic/oberdiek/ifvtex.sty
Package: ifvtex 2010/03/01 v1.5 Detect VTeX and its facilities (HO)
Package ifvtex Info: VTeX not detected.
)
(/usr/local/texlive/2015/texmf-dist/tex/generic/ifxetex/ifxetex.sty
Package: ifxetex 2010/09/12 v0.6 Provides ifxetex conditional
)
\Gm@cnth=\count102
\Gm@cntv=\count103
\c@Gm@tempcnt=\count104
\Gm@bindingoffset=\dimen119
\Gm@wd@mp=\dimen120
\Gm@odd@mp=\dimen121
\Gm@even@mp=\dimen122
\Gm@layoutwidth=\dimen123
\Gm@layoutheight=\dimen124
\Gm@layouthoffset=\dimen125
\Gm@layoutvoffset=\dimen126
\Gm@dimlist=\toks15
)
(/usr/local/texlive/2015/texmf-dist/tex/latex/base/size11.clo
File: size11.clo 2014/09/29 v1.4h Standard LaTeX file (size option)
)
(/usr/local/texlive/2015/texmf-dist/tex/latex/pgf/basiclayer/pgfcore.sty
(/usr/local/texlive/2015/texmf-dist/tex/latex/graphics/graphicx.sty
Package: graphicx 2014/10/28 v1.0g Enhanced LaTeX Graphics (DPC,SPQR)

(/usr/local/texlive/2015/texmf-dist/tex/latex/graphics/graphics.sty
Package: graphics 2014/10/28 v1.0p Standard LaTeX Graphics (DPC,SPQR)

(/usr/local/texlive/2015/texmf-dist/tex/latex/graphics/trig.sty
Package: trig 1999/03/16 v1.09 sin cos tan (DPC)
)
(/usr/local/texlive/2015/texmf-dist/tex/latex/latexconfig/graphics.cfg
File: graphics.cfg 2010/04/23 v1.9 graphics configuration of TeX Live
)
Package graphics Info: Driver file: pdftex.def on input line 94.

(/usr/local/texlive/2015/texmf-dist/tex/latex/pdftex-def/pdftex.def
File: pdftex.def 2011/05/27 v0.06d Graphics/color for pdfTeX

(/usr/local/texlive/2015/texmf-dist/tex/generic/oberdiek/infwarerr.sty
Package: infwarerr 2010/04/08 v1.3 Providing info/warning/error messages (HO)
)
(/usr/local/texlive/2015/texmf-dist/tex/generic/oberdiek/ltxcmds.sty
Package: ltxcmds 2011/11/09 v1.22 LaTeX kernel commands for general use (HO)
)
\Gread@gobject=\count105
))
\Gin@req@height=\dimen127
\Gin@req@width=\dimen128
)
(/usr/local/texlive/2015/texmf-dist/tex/latex/pgf/systemlayer/pgfsys.sty
(/usr/local/texlive/2015/texmf-dist/tex/latex/pgf/utilities/pgfrcs.sty
(/usr/local/texlive/2015/texmf-dist/tex/generic/pgf/utilities/pgfutil-common.te
x
\pgfutil@everybye=\toks16
\pgfutil@tempdima=\dimen129
\pgfutil@tempdimb=\dimen130

(/usr/local/texlive/2015/texmf-dist/tex/generic/pgf/utilities/pgfutil-common-li
sts.tex))
(/usr/local/texlive/2015/texmf-dist/tex/generic/pgf/utilities/pgfutil-latex.def
\pgfutil@abb=\box34
(/usr/local/texlive/2015/texmf-dist/tex/latex/ms/everyshi.sty
Package: everyshi 2001/05/15 v3.00 EveryShipout Package (MS)
))
(/usr/local/texlive/2015/texmf-dist/tex/generic/pgf/utilities/pgfrcs.code.tex
Package: pgfrcs 2013/12/20 v3.0.0 (rcs-revision 1.28)
))
(/usr/local/texlive/2015/texmf-dist/tex/generic/pgf/systemlayer/pgfsys.code.tex
Package: pgfsys 2013/11/30 v3.0.0 (rcs-revision 1.47)
(/usr/local/texlive/2015/texmf-dist/tex/generic/pgf/utilities/pgfkeys.code.tex
\pgfkeys@pathtoks=\toks17
\pgfkeys@temptoks=\toks18

(/usr/local/texlive/2015/texmf-dist/tex/generic/pgf/utilities/pgfkeysfiltered.c
ode.tex
\pgfkeys@tmptoks=\toks19
))
\pgf@x=\dimen131
\pgf@y=\dimen132
\pgf@xa=\dimen133
\pgf@ya=\dimen134
\pgf@xb=\dimen135
\pgf@yb=\dimen136
\pgf@xc=\dimen137
\pgf@yc=\dimen138
\w@pgf@writea=\write3
\r@pgf@reada=\read1
\c@pgf@counta=\count106
\c@pgf@countb=\count107
\c@pgf@countc=\count108
\c@pgf@countd=\count109
\t@pgf@toka=\toks20
\t@pgf@tokb=\toks21
\t@pgf@tokc=\toks22

(/usr/local/texlive/2015/texmf-dist/tex/generic/pgf/systemlayer/pgf.cfg
File: pgf.cfg 2008/05/14  (rcs-revision 1.7)
)
Driver file for pgf: pgfsys-pdftex.def

(/usr/local/texlive/2015/texmf-dist/tex/generic/pgf/systemlayer/pgfsys-pdftex.d
ef
File: pgfsys-pdftex.def 2013/07/18  (rcs-revision 1.33)

(/usr/local/texlive/2015/texmf-dist/tex/generic/pgf/systemlayer/pgfsys-common-p
df.def
File: pgfsys-common-pdf.def 2013/10/10  (rcs-revision 1.13)
)))
(/usr/local/texlive/2015/texmf-dist/tex/generic/pgf/systemlayer/pgfsyssoftpath.
code.tex
File: pgfsyssoftpath.code.tex 2013/09/09  (rcs-revision 1.9)
\pgfsyssoftpath@smallbuffer@items=\count110
\pgfsyssoftpath@bigbuffer@items=\count111
)
(/usr/local/texlive/2015/texmf-dist/tex/generic/pgf/systemlayer/pgfsysprotocol.
code.tex
File: pgfsysprotocol.code.tex 2006/10/16  (rcs-revision 1.4)
)) (/usr/local/texlive/2015/texmf-dist/tex/latex/xcolor/xcolor.sty
Package: xcolor 2007/01/21 v2.11 LaTeX color extensions (UK)

(/usr/local/texlive/2015/texmf-dist/tex/latex/latexconfig/color.cfg
File: color.cfg 2007/01/18 v1.5 color configuration of teTeX/TeXLive
)
Package xcolor Info: Driver file: pdftex.def on input line 225.
Package xcolor Info: Model `cmy' substituted by `cmy0' on input line 1337.
Package xcolor Info: Model `hsb' substituted by `rgb' on input line 1341.
Package xcolor Info: Model `RGB' extended on input line 1353.
Package xcolor Info: Model `HTML' substituted by `rgb' on input line 1355.
Package xcolor Info: Model `Hsb' substituted by `hsb' on input line 1356.
Package xcolor Info: Model `tHsb' substituted by `hsb' on input line 1357.
Package xcolor Info: Model `HSB' substituted by `hsb' on input line 1358.
Package xcolor Info: Model `Gray' substituted by `gray' on input line 1359.
Package xcolor Info: Model `wave' substituted by `hsb' on input line 1360.
)
(/usr/local/texlive/2015/texmf-dist/tex/generic/pgf/basiclayer/pgfcore.code.tex
Package: pgfcore 2010/04/11 v3.0.0 (rcs-revision 1.7)
(/usr/local/texlive/2015/texmf-dist/tex/generic/pgf/math/pgfmath.code.tex
(/usr/local/texlive/2015/texmf-dist/tex/generic/pgf/math/pgfmathcalc.code.tex
(/usr/local/texlive/2015/texmf-dist/tex/generic/pgf/math/pgfmathutil.code.tex)
(/usr/local/texlive/2015/texmf-dist/tex/generic/pgf/math/pgfmathparser.code.tex
\pgfmath@dimen=\dimen139
\pgfmath@count=\count112
\pgfmath@box=\box35
\pgfmath@toks=\toks23
\pgfmath@stack@operand=\toks24
\pgfmath@stack@operation=\toks25
)
(/usr/local/texlive/2015/texmf-dist/tex/generic/pgf/math/pgfmathfunctions.code.
tex
(/usr/local/texlive/2015/texmf-dist/tex/generic/pgf/math/pgfmathfunctions.basic
.code.tex)
(/usr/local/texlive/2015/texmf-dist/tex/generic/pgf/math/pgfmathfunctions.trigo
nometric.code.tex)
(/usr/local/texlive/2015/texmf-dist/tex/generic/pgf/math/pgfmathfunctions.rando
m.code.tex)
(/usr/local/texlive/2015/texmf-dist/tex/generic/pgf/math/pgfmathfunctions.compa
rison.code.tex)
(/usr/local/texlive/2015/texmf-dist/tex/generic/pgf/math/pgfmathfunctions.base.
code.tex)
(/usr/local/texlive/2015/texmf-dist/tex/generic/pgf/math/pgfmathfunctions.round
.code.tex)
(/usr/local/texlive/2015/texmf-dist/tex/generic/pgf/math/pgfmathfunctions.misc.
code.tex)
(/usr/local/texlive/2015/texmf-dist/tex/generic/pgf/math/pgfmathfunctions.integ
erarithmetics.code.tex)))
(/usr/local/texlive/2015/texmf-dist/tex/generic/pgf/math/pgfmathfloat.code.tex
\c@pgfmathroundto@lastzeros=\count113
))
(/usr/local/texlive/2015/texmf-dist/tex/generic/pgf/basiclayer/pgfcorepoints.co
de.tex
File: pgfcorepoints.code.tex 2013/10/07  (rcs-revision 1.27)
\pgf@picminx=\dimen140
\pgf@picmaxx=\dimen141
\pgf@picminy=\dimen142
\pgf@picmaxy=\dimen143
\pgf@pathminx=\dimen144
\pgf@pathmaxx=\dimen145
\pgf@pathminy=\dimen146
\pgf@pathmaxy=\dimen147
\pgf@xx=\dimen148
\pgf@xy=\dimen149
\pgf@yx=\dimen150
\pgf@yy=\dimen151
\pgf@zx=\dimen152
\pgf@zy=\dimen153
)
(/usr/local/texlive/2015/texmf-dist/tex/generic/pgf/basiclayer/pgfcorepathconst
ruct.code.tex
File: pgfcorepathconstruct.code.tex 2013/10/07  (rcs-revision 1.29)
\pgf@path@lastx=\dimen154
\pgf@path@lasty=\dimen155
)
(/usr/local/texlive/2015/texmf-dist/tex/generic/pgf/basiclayer/pgfcorepathusage
.code.tex
File: pgfcorepathusage.code.tex 2013/12/13  (rcs-revision 1.23)
\pgf@shorten@end@additional=\dimen156
\pgf@shorten@start@additional=\dimen157
)
(/usr/local/texlive/2015/texmf-dist/tex/generic/pgf/basiclayer/pgfcorescopes.co
de.tex
File: pgfcorescopes.code.tex 2013/10/09  (rcs-revision 1.44)
\pgfpic=\box36
\pgf@hbox=\box37
\pgf@layerbox@main=\box38
\pgf@picture@serial@count=\count114
)
(/usr/local/texlive/2015/texmf-dist/tex/generic/pgf/basiclayer/pgfcoregraphicst
ate.code.tex
File: pgfcoregraphicstate.code.tex 2013/09/19  (rcs-revision 1.11)
\pgflinewidth=\dimen158
)
(/usr/local/texlive/2015/texmf-dist/tex/generic/pgf/basiclayer/pgfcoretransform
ations.code.tex
File: pgfcoretransformations.code.tex 2013/10/10  (rcs-revision 1.17)
\pgf@pt@x=\dimen159
\pgf@pt@y=\dimen160
\pgf@pt@temp=\dimen161
)
(/usr/local/texlive/2015/texmf-dist/tex/generic/pgf/basiclayer/pgfcorequick.cod
e.tex
File: pgfcorequick.code.tex 2008/10/09  (rcs-revision 1.3)
)
(/usr/local/texlive/2015/texmf-dist/tex/generic/pgf/basiclayer/pgfcoreobjects.c
ode.tex
File: pgfcoreobjects.code.tex 2006/10/11  (rcs-revision 1.2)
)
(/usr/local/texlive/2015/texmf-dist/tex/generic/pgf/basiclayer/pgfcorepathproce
ssing.code.tex
File: pgfcorepathprocessing.code.tex 2013/09/09  (rcs-revision 1.9)
)
(/usr/local/texlive/2015/texmf-dist/tex/generic/pgf/basiclayer/pgfcorearrows.co
de.tex
File: pgfcorearrows.code.tex 2013/11/07  (rcs-revision 1.40)
\pgfarrowsep=\dimen162
)
(/usr/local/texlive/2015/texmf-dist/tex/generic/pgf/basiclayer/pgfcoreshade.cod
e.tex
File: pgfcoreshade.code.tex 2013/07/15  (rcs-revision 1.15)
\pgf@max=\dimen163
\pgf@sys@shading@range@num=\count115
)
(/usr/local/texlive/2015/texmf-dist/tex/generic/pgf/basiclayer/pgfcoreimage.cod
e.tex
File: pgfcoreimage.code.tex 2013/07/15  (rcs-revision 1.18)

(/usr/local/texlive/2015/texmf-dist/tex/generic/pgf/basiclayer/pgfcoreexternal.
code.tex
File: pgfcoreexternal.code.tex 2013/07/15  (rcs-revision 1.20)
\pgfexternal@startupbox=\box39
))
(/usr/local/texlive/2015/texmf-dist/tex/generic/pgf/basiclayer/pgfcorelayers.co
de.tex
File: pgfcorelayers.code.tex 2013/07/18  (rcs-revision 1.7)
)
(/usr/local/texlive/2015/texmf-dist/tex/generic/pgf/basiclayer/pgfcoretranspare
ncy.code.tex
File: pgfcoretransparency.code.tex 2013/09/30  (rcs-revision 1.5)
)
(/usr/local/texlive/2015/texmf-dist/tex/generic/pgf/basiclayer/pgfcorepatterns.
code.tex
File: pgfcorepatterns.code.tex 2013/11/07  (rcs-revision 1.5)
)))
(/usr/local/texlive/2015/texmf-dist/tex/latex/pgf/utilities/xxcolor.sty
Package: xxcolor 2003/10/24 ver 0.1
\XC@nummixins=\count116
\XC@countmixins=\count117
)
(/usr/local/texlive/2015/texmf-dist/tex/generic/oberdiek/atbegshi.sty
Package: atbegshi 2011/10/05 v1.16 At begin shipout hook (HO)
)
(/usr/local/texlive/2015/texmf-dist/tex/latex/hyperref/hyperref.sty
Package: hyperref 2012/11/06 v6.83m Hypertext links for LaTeX

(/usr/local/texlive/2015/texmf-dist/tex/generic/oberdiek/hobsub-hyperref.sty
Package: hobsub-hyperref 2012/05/28 v1.13 Bundle oberdiek, subset hyperref (HO)


(/usr/local/texlive/2015/texmf-dist/tex/generic/oberdiek/hobsub-generic.sty
Package: hobsub-generic 2012/05/28 v1.13 Bundle oberdiek, subset generic (HO)
Package: hobsub 2012/05/28 v1.13 Construct package bundles (HO)
Package hobsub Info: Skipping package `infwarerr' (already loaded).
Package hobsub Info: Skipping package `ltxcmds' (already loaded).
Package: ifluatex 2010/03/01 v1.3 Provides the ifluatex switch (HO)
Package ifluatex Info: LuaTeX not detected.
Package hobsub Info: Skipping package `ifvtex' (already loaded).
Package: intcalc 2007/09/27 v1.1 Expandable calculations with integers (HO)
Package hobsub Info: Skipping package `ifpdf' (already loaded).
Package: etexcmds 2011/02/16 v1.5 Avoid name clashes with e-TeX commands (HO)
Package etexcmds Info: Could not find \expanded.
(etexcmds)             That can mean that you are not using pdfTeX 1.50 or
(etexcmds)             that some package has redefined \expanded.
(etexcmds)             In the latter case, load this package earlier.
Package: kvsetkeys 2012/04/25 v1.16 Key value parser (HO)
Package: kvdefinekeys 2011/04/07 v1.3 Define keys (HO)
Package: pdftexcmds 2011/11/29 v0.20 Utility functions of pdfTeX for LuaTeX (HO
)
Package pdftexcmds Info: LuaTeX not detected.
Package pdftexcmds Info: \pdf@primitive is available.
Package pdftexcmds Info: \pdf@ifprimitive is available.
Package pdftexcmds Info: \pdfdraftmode found.
Package: pdfescape 2011/11/25 v1.13 Implements pdfTeX's escape features (HO)
Package: bigintcalc 2012/04/08 v1.3 Expandable calculations on big integers (HO
)
Package: bitset 2011/01/30 v1.1 Handle bit-vector datatype (HO)
Package: uniquecounter 2011/01/30 v1.2 Provide unlimited unique counter (HO)
)
Package hobsub Info: Skipping package `hobsub' (already loaded).
Package: letltxmacro 2010/09/02 v1.4 Let assignment for LaTeX macros (HO)
Package: hopatch 2012/05/28 v1.2 Wrapper for package hooks (HO)
Package: xcolor-patch 2011/01/30 xcolor patch
Package: atveryend 2011/06/30 v1.8 Hooks at the very end of document (HO)
Package atveryend Info: \enddocument detected (standard20110627).
Package hobsub Info: Skipping package `atbegshi' (already loaded).
Package: refcount 2011/10/16 v3.4 Data extraction from label references (HO)
Package: hycolor 2011/01/30 v1.7 Color options for hyperref/bookmark (HO)
)
(/usr/local/texlive/2015/texmf-dist/tex/latex/oberdiek/auxhook.sty
Package: auxhook 2011/03/04 v1.3 Hooks for auxiliary files (HO)
)
(/usr/local/texlive/2015/texmf-dist/tex/latex/oberdiek/kvoptions.sty
Package: kvoptions 2011/06/30 v3.11 Key value format for package options (HO)
)
\@linkdim=\dimen164
\Hy@linkcounter=\count118
\Hy@pagecounter=\count119

(/usr/local/texlive/2015/texmf-dist/tex/latex/hyperref/pd1enc.def
File: pd1enc.def 2012/11/06 v6.83m Hyperref: PDFDocEncoding definition (HO)
)
\Hy@SavedSpaceFactor=\count120

(/usr/local/texlive/2015/texmf-dist/tex/latex/latexconfig/hyperref.cfg
File: hyperref.cfg 2002/06/06 v1.2 hyperref configuration of TeXLive
)
Package hyperref Info: Option `bookmarks' set `true' on input line 4319.
Package hyperref Info: Option `bookmarksopen' set `true' on input line 4319.
Package hyperref Info: Option `implicit' set `false' on input line 4319.
Package hyperref Info: Hyper figures OFF on input line 4443.
Package hyperref Info: Link nesting OFF on input line 4448.
Package hyperref Info: Hyper index ON on input line 4451.
Package hyperref Info: Plain pages OFF on input line 4458.
Package hyperref Info: Backreferencing OFF on input line 4463.
Package hyperref Info: Implicit mode OFF; no redefinition of LaTeX internals.
Package hyperref Info: Bookmarks ON on input line 4688.
\c@Hy@tempcnt=\count121

(/usr/local/texlive/2015/texmf-dist/tex/latex/url/url.sty
\Urlmuskip=\muskip10
Package: url 2013/09/16  ver 3.4  Verb mode for urls, etc.
)
LaTeX Info: Redefining \url on input line 5041.
\XeTeXLinkMargin=\dimen165
\Fld@menulength=\count122
\Field@Width=\dimen166
\Fld@charsize=\dimen167
Package hyperref Info: Hyper figures OFF on input line 6295.
Package hyperref Info: Link nesting OFF on input line 6300.
Package hyperref Info: Hyper index ON on input line 6303.
Package hyperref Info: backreferencing OFF on input line 6310.
Package hyperref Info: Link coloring OFF on input line 6315.
Package hyperref Info: Link coloring with OCG OFF on input line 6320.
Package hyperref Info: PDF/A mode OFF on input line 6325.
LaTeX Info: Redefining \ref on input line 6365.
LaTeX Info: Redefining \pageref on input line 6369.
\Hy@abspage=\count123


Package hyperref Message: Stopped early.

)

Package hyperref Message: Driver (autodetected): hpdftex.

(/usr/local/texlive/2015/texmf-dist/tex/latex/hyperref/hpdftex.def
File: hpdftex.def 2012/11/06 v6.83m Hyperref driver for pdfTeX
\Fld@listcount=\count124
\c@bookmark@seq@number=\count125

(/usr/local/texlive/2015/texmf-dist/tex/latex/oberdiek/rerunfilecheck.sty
Package: rerunfilecheck 2011/04/15 v1.7 Rerun checks for auxiliary files (HO)
Package uniquecounter Info: New unique counter `rerunfilecheck' on input line 2
82.
))
(/usr/local/texlive/2015/texmf-dist/tex/latex/beamer/beamerbaserequires.sty
Package: beamerbaserequires 2010/05/01  (rcs-revision efa082c6111d)

(/usr/local/texlive/2015/texmf-dist/tex/latex/beamer/beamerbasecompatibility.st
y
Package: beamerbasecompatibility 2012/05/01  (rcs-revision 67c48b3b652d)
) (/usr/local/texlive/2015/texmf-dist/tex/latex/beamer/beamerbasefont.sty
Package: beamerbasefont 2015/01/05  (rcs-revision b4b4bee242e2)

(/usr/local/texlive/2015/texmf-dist/tex/latex/amsfonts/amssymb.sty
Package: amssymb 2013/01/14 v3.01 AMS font symbols

(/usr/local/texlive/2015/texmf-dist/tex/latex/amsfonts/amsfonts.sty
Package: amsfonts 2013/01/14 v3.01 Basic AMSFonts support
\@emptytoks=\toks26
\symAMSa=\mathgroup4
\symAMSb=\mathgroup5
LaTeX Font Info:    Overwriting math alphabet `\mathfrak' in version `bold'
(Font)                  U/euf/m/n --> U/euf/b/n on input line 106.
))
(/usr/local/texlive/2015/texmf-dist/tex/latex/sansmathaccent/sansmathaccent.sty
Package: sansmathaccent 2013/03/28
(/usr/local/texlive/2015/texmf-dist/tex/latex/filehook/filehook.sty
Package: filehook 2011/10/12 v0.5d Hooks for input files
)))
(/usr/local/texlive/2015/texmf-dist/tex/latex/beamer/beamerbasetranslator.sty
Package: beamerbasetranslator 2010/06/11  (rcs-revision 85fd1cc7fc42)

(/usr/local/texlive/2015/texmf-dist/tex/latex/beamer/translator/translator.sty
Package: translator 2010/06/12 ver 1.10

(/usr/local/texlive/2015/texmf-dist/tex/latex/beamer/translator/translator-lang
uage-mappings.tex)))
(/usr/local/texlive/2015/texmf-dist/tex/latex/beamer/beamerbasemisc.sty
Package: beamerbasemisc 2013/09/03  (rcs-revision a55719c41d85)
)
(/usr/local/texlive/2015/texmf-dist/tex/latex/beamer/beamerbasetwoscreens.sty
Package: beamerbasetwoscreens 2010/05/01  (rcs-revision efa082c6111d)
)
(/usr/local/texlive/2015/texmf-dist/tex/latex/beamer/beamerbaseoverlay.sty
Package: beamerbaseoverlay 2013/12/25  (rcs-revision f6bd5e3805da)
\beamer@argscount=\count126
\beamer@lastskipcover=\skip44
\beamer@trivlistdepth=\count127
)
(/usr/local/texlive/2015/texmf-dist/tex/latex/beamer/beamerbasetitle.sty
Package: beamerbasetitle 2010/09/21  (rcs-revision f0446ed0b6ae)
)
(/usr/local/texlive/2015/texmf-dist/tex/latex/beamer/beamerbasesection.sty
Package: beamerbasesection 2013/06/07  (rcs-revision 60b9fe0f342f)
\c@lecture=\count128
\c@part=\count129
\c@section=\count130
\c@subsection=\count131
\c@subsubsection=\count132
)
(/usr/local/texlive/2015/texmf-dist/tex/latex/beamer/beamerbaseframe.sty
Package: beamerbaseframe 2014/02/20  (rcs-revision 4b8ceeeff434)
\beamer@framebox=\box40
\beamer@frametitlebox=\box41
\beamer@zoombox=\box42
\beamer@zoomcount=\count133
\beamer@zoomframecount=\count134
\beamer@frametextheight=\dimen168
\c@subsectionslide=\count135
\beamer@frametopskip=\skip45
\beamer@framebottomskip=\skip46
\beamer@frametopskipautobreak=\skip47
\beamer@framebottomskipautobreak=\skip48
\beamer@envbody=\toks27
\framewidth=\dimen169
\c@framenumber=\count136
)
(/usr/local/texlive/2015/texmf-dist/tex/latex/beamer/beamerbaseverbatim.sty
Package: beamerbaseverbatim 2015/01/05  (rcs-revision 431510bb5890)
\beamer@verbatimfileout=\write4
)
(/usr/local/texlive/2015/texmf-dist/tex/latex/beamer/beamerbaseframesize.sty
Package: beamerbaseframesize 2011/09/12  (rcs-revision 70f9d8411e54)
\beamer@splitbox=\box43
\beamer@autobreakcount=\count137
\beamer@autobreaklastheight=\dimen170
\beamer@frametitletoks=\toks28
\beamer@framesubtitletoks=\toks29
)
(/usr/local/texlive/2015/texmf-dist/tex/latex/beamer/beamerbaseframecomponents.
sty
Package: beamerbaseframecomponents 2013/10/18  (rcs-revision 5cf6c5555a45)
\beamer@footins=\box44
) (/usr/local/texlive/2015/texmf-dist/tex/latex/beamer/beamerbasecolor.sty
Package: beamerbasecolor 2015/02/21  (rcs-revision d944b04ee2d5)
)
(/usr/local/texlive/2015/texmf-dist/tex/latex/beamer/beamerbasenotes.sty
Package: beamerbasenotes 2012/12/19  (rcs-revision 1686da3db3c9)
\beamer@frameboxcopy=\box45
)
(/usr/local/texlive/2015/texmf-dist/tex/latex/beamer/beamerbasetoc.sty
Package: beamerbasetoc 2015/03/08  (rcs-revision 7270298bbaae)
)
(/usr/local/texlive/2015/texmf-dist/tex/latex/beamer/beamerbasetemplates.sty
Package: beamerbasetemplates 2010/05/01  (rcs-revision efa082c6111d)
\beamer@sbttoks=\toks30

(/usr/local/texlive/2015/texmf-dist/tex/latex/beamer/beamerbaseauxtemplates.sty
Package: beamerbaseauxtemplates 2014/06/30  (rcs-revision 580088513a67)
(/usr/local/texlive/2015/texmf-dist/tex/latex/beamer/beamerbaseboxes.sty
Package: beamerbaseboxes 2012/05/13  (rcs-revision 56972908a390)
\bmb@box=\box46
\bmb@colorbox=\box47
\bmb@boxshadow=\box48
\bmb@boxshadowball=\box49
\bmb@boxshadowballlarge=\box50
\bmb@temp=\dimen171
\bmb@dima=\dimen172
\bmb@dimb=\dimen173
\bmb@prevheight=\dimen174
)
\beamer@blockheadheight=\dimen175
))
(/usr/local/texlive/2015/texmf-dist/tex/latex/beamer/beamerbaselocalstructure.s
ty
Package: beamerbaselocalstructure 2014/09/10  (rcs-revision 393f6dcff371)
 (/usr/local/texlive/2015/texmf-dist/tex/latex/tools/enumerate.sty
Package: enumerate 2014/10/28 v3.00 enumerate extensions (DPC)
\@enLab=\toks31
)
\c@figure=\count138
\c@table=\count139
\abovecaptionskip=\skip49
\belowcaptionskip=\skip50
)
(/usr/local/texlive/2015/texmf-dist/tex/latex/beamer/beamerbasenavigation.sty
Package: beamerbasenavigation 2015/02/27  (rcs-revision 923f4bf87efa)
\beamer@section@min@dim=\dimen176
)
(/usr/local/texlive/2015/texmf-dist/tex/latex/beamer/beamerbasetheorems.sty
Package: beamerbasetheorems 2010/06/06  (rcs-revision 7e7cc5e53e9d)

(/usr/local/texlive/2015/texmf-dist/tex/latex/amsmath/amsmath.sty
Package: amsmath 2013/01/14 v2.14 AMS math features
\@mathmargin=\skip51

For additional information on amsmath, use the `?' option.
(/usr/local/texlive/2015/texmf-dist/tex/latex/amsmath/amstext.sty
Package: amstext 2000/06/29 v2.01

(/usr/local/texlive/2015/texmf-dist/tex/latex/amsmath/amsgen.sty
File: amsgen.sty 1999/11/30 v2.0
\@emptytoks=\toks32
\ex@=\dimen177
))
(/usr/local/texlive/2015/texmf-dist/tex/latex/amsmath/amsbsy.sty
Package: amsbsy 1999/11/29 v1.2d
\pmbraise@=\dimen178
)
(/usr/local/texlive/2015/texmf-dist/tex/latex/amsmath/amsopn.sty
Package: amsopn 1999/12/14 v2.01 operator names
)
\inf@bad=\count140
LaTeX Info: Redefining \frac on input line 210.
\uproot@=\count141
\leftroot@=\count142
LaTeX Info: Redefining \overline on input line 306.
\classnum@=\count143
\DOTSCASE@=\count144
LaTeX Info: Redefining \ldots on input line 378.
LaTeX Info: Redefining \dots on input line 381.
LaTeX Info: Redefining \cdots on input line 466.
\Mathstrutbox@=\box51
\strutbox@=\box52
\big@size=\dimen179
LaTeX Font Info:    Redeclaring font encoding OML on input line 566.
LaTeX Font Info:    Redeclaring font encoding OMS on input line 567.
\macc@depth=\count145
\c@MaxMatrixCols=\count146
\dotsspace@=\muskip11
\c@parentequation=\count147
\dspbrk@lvl=\count148
\tag@help=\toks33
\row@=\count149
\column@=\count150
\maxfields@=\count151
\andhelp@=\toks34
\eqnshift@=\dimen180
\alignsep@=\dimen181
\tagshift@=\dimen182
\tagwidth@=\dimen183
\totwidth@=\dimen184
\lineht@=\dimen185
\@envbody=\toks35
\multlinegap=\skip52
\multlinetaggap=\skip53
\mathdisplay@stack=\toks36
LaTeX Info: Redefining \[ on input line 2665.
LaTeX Info: Redefining \] on input line 2666.
)
(/usr/local/texlive/2015/texmf-dist/tex/latex/amscls/amsthm.sty
Package: amsthm 2015/03/04 v2.20.2
\thm@style=\toks37
\thm@bodyfont=\toks38
\thm@headfont=\toks39
\thm@notefont=\toks40
\thm@headpunct=\toks41
\thm@preskip=\skip54
\thm@postskip=\skip55
\thm@headsep=\skip56
\dth@everypar=\toks42
)
\c@theorem=\count152
)
(/usr/local/texlive/2015/texmf-dist/tex/latex/beamer/beamerbasethemes.sty
Package: beamerbasethemes 2010/05/01  (rcs-revision efa082c6111d)
))
(/usr/local/texlive/2015/texmf-dist/tex/latex/beamer/themes/theme/beamerthemede
fault.sty
Package: beamerthemedefault 2010/06/17  (rcs-revision d02a7cf4d8ae)

(/usr/local/texlive/2015/texmf-dist/tex/latex/beamer/themes/font/beamerfontthem
edefault.sty
Package: beamerfontthemedefault 2012/12/19  (rcs-revision 1686da3db3c9)
)
(/usr/local/texlive/2015/texmf-dist/tex/latex/beamer/themes/color/beamercolorth
emedefault.sty
Package: beamercolorthemedefault 2012/12/19  (rcs-revision 1686da3db3c9)
)
(/usr/local/texlive/2015/texmf-dist/tex/latex/beamer/themes/inner/beamerinnerth
emedefault.sty
Package: beamerinnerthemedefault 2014/06/30  (rcs-revision 580088513a67)
\beamer@dima=\dimen186
\beamer@dimb=\dimen187
)
(/usr/local/texlive/2015/texmf-dist/tex/latex/beamer/themes/outer/beamerouterth
emedefault.sty
Package: beamerouterthemedefault 2012/12/19  (rcs-revision 1686da3db3c9)
)))
(/usr/local/texlive/2015/texmf-dist/tex/latex/media9/media9.sty
(/usr/local/texlive/2015/texmf-dist/tex/latex/l3kernel/expl3.sty
Package: expl3 2015/03/01 v5547 L3 programming layer (loader) 

(/usr/local/texlive/2015/texmf-dist/tex/latex/l3kernel/expl3-code.tex
Package: expl3 2015/03/01 v5547 L3 programming layer (code) 
L3 Module: l3bootstrap 2015/02/28 v5542 L3 Bootstrap code
L3 Module: l3names 2015/02/24 v5535 L3 Namespace for primitives
L3 Module: l3basics 2015/01/27 v5500 L3 Basic definitions
L3 Module: l3expan 2014/11/27 v5472 L3 Argument expansion
L3 Module: l3tl 2015/01/27 v5500 L3 Token lists
L3 Module: l3str 2015/03/01 v5545 L3 Strings
L3 Module: l3seq 2014/08/23 v5354 L3 Sequences and stacks
L3 Module: l3int 2015/02/21 v5529 L3 Integers
\c_max_int=\count153
\l_tmpa_int=\count154
\l_tmpb_int=\count155
\g_tmpa_int=\count156
\g_tmpb_int=\count157
L3 Module: l3quark 2014/08/23 v5354 L3 Quarks
L3 Module: l3prg 2014/08/23 v5354 L3 Control structures
\g__prg_map_int=\count158
L3 Module: l3clist 2014/08/23 v5354 L3 Comma separated lists
L3 Module: l3token 2014/09/15 v5422 L3 Experimental token manipulation
L3 Module: l3prop 2014/08/23 v5354 L3 Property lists
L3 Module: l3msg 2015/02/26 v5537 L3 Messages
L3 Module: l3file 2014/08/24 v5369 L3 File and I/O operations
\l_iow_line_count_int=\count159
\l__iow_target_count_int=\count160
\l__iow_current_line_int=\count161
\l__iow_current_word_int=\count162
\l__iow_current_indentation_int=\count163
L3 Module: l3skip 2014/08/23 v5354 L3 Dimensions and skips
\c_zero_dim=\dimen188
\c_max_dim=\dimen189
\l_tmpa_dim=\dimen190
\l_tmpb_dim=\dimen191
\g_tmpa_dim=\dimen192
\g_tmpb_dim=\dimen193
\c_zero_skip=\skip57
\c_max_skip=\skip58
\l_tmpa_skip=\skip59
\l_tmpb_skip=\skip60
\g_tmpa_skip=\skip61
\g_tmpb_skip=\skip62
\c_zero_muskip=\muskip12
\c_max_muskip=\muskip13
\l_tmpa_muskip=\muskip14
\l_tmpb_muskip=\muskip15
\g_tmpa_muskip=\muskip16
\g_tmpb_muskip=\muskip17
L3 Module: l3keys 2015/01/27 v5500 L3 Key-value interfaces
\g__keyval_level_int=\count164
\l_keys_choice_int=\count165
L3 Module: l3fp 2014/08/22 v5336 L3 Floating points
\c__fp_leading_shift_int=\count166
\c__fp_middle_shift_int=\count167
\c__fp_trailing_shift_int=\count168
\c__fp_big_leading_shift_int=\count169
\c__fp_big_middle_shift_int=\count170
\c__fp_big_trailing_shift_int=\count171
\c__fp_Bigg_leading_shift_int=\count172
\c__fp_Bigg_middle_shift_int=\count173
\c__fp_Bigg_trailing_shift_int=\count174
L3 Module: l3box 2014/08/23 v5354 L3 Experimental boxes
\c_empty_box=\box53
\l_tmpa_box=\box54
\l_tmpb_box=\box55
\g_tmpa_box=\box56
\g_tmpb_box=\box57
L3 Module: l3coffins 2014/08/23 v5354 L3 Coffin code layer
\l__coffin_internal_box=\box58
\l__coffin_internal_dim=\dimen194
\l__coffin_offset_x_dim=\dimen195
\l__coffin_offset_y_dim=\dimen196
\l__coffin_x_dim=\dimen197
\l__coffin_y_dim=\dimen198
\l__coffin_x_prime_dim=\dimen199
\l__coffin_y_prime_dim=\dimen200
\c_empty_coffin=\box59
\l__coffin_aligned_coffin=\box60
\l__coffin_aligned_internal_coffin=\box61
\l_tmpa_coffin=\box62
\l_tmpb_coffin=\box63
\l__coffin_display_coffin=\box64
\l__coffin_display_coord_coffin=\box65
\l__coffin_display_pole_coffin=\box66
\l__coffin_display_offset_dim=\dimen201
\l__coffin_display_x_dim=\dimen202
\l__coffin_display_y_dim=\dimen203
L3 Module: l3color 2014/08/23 v5354 L3 Experimental color support
L3 Module: l3candidates 2015/03/01 v5544 L3 Experimental additions to l3kernel
\l__box_top_dim=\dimen204
\l__box_bottom_dim=\dimen205
\l__box_left_dim=\dimen206
\l__box_right_dim=\dimen207
\l__box_top_new_dim=\dimen208
\l__box_bottom_new_dim=\dimen209
\l__box_left_new_dim=\dimen210
\l__box_right_new_dim=\dimen211
\l__box_internal_box=\box67
\l__coffin_bounding_shift_dim=\dimen212
\l__coffin_left_corner_dim=\dimen213
\l__coffin_right_corner_dim=\dimen214
\l__coffin_bottom_corner_dim=\dimen215
\l__coffin_top_corner_dim=\dimen216
\l__coffin_scaled_total_height_dim=\dimen217
\l__coffin_scaled_width_dim=\dimen218
)
(/usr/local/texlive/2015/texmf-dist/tex/latex/l3kernel/l3unicode-data.def
File: l3unicode-data.def 2015/03/01 v5544 L3 Unicode data
)
(/usr/local/texlive/2015/texmf-dist/tex/latex/l3kernel/l3pdfmode.def
File: l3pdfmode.def 2015/03/01 v5544 L3 Experimental driver: PDF mode
\l__driver_color_stack_int=\count175
))
(/usr/local/texlive/2015/texmf-dist/tex/latex/l3experimental/l3str/l3regex.sty
Package: l3regex 2014/11/25 v5471 L3 Experimental regular expressions

(/usr/local/texlive/2015/texmf-dist/tex/latex/l3experimental/l3str/l3tl-build.s
ty
Package: l3tl-build 2014/08/25 v5378 L3 Experimental token list construction
\l__tl_build_start_index_int=\count176
\l__tl_build_index_int=\count177
)
(/usr/local/texlive/2015/texmf-dist/tex/latex/l3experimental/l3str/l3tl-analysi
s.sty
Package: l3tl-analysis 2014/05/06 v4745 L3 Experimental token lists analysis

(/usr/local/texlive/2015/texmf-dist/tex/latex/l3experimental/l3str/l3str.sty
Package: l3str 2014/11/25 v5471 L3 Experimental strings
)
\l__tl_analysis_normal_int=\count178
\l__tl_analysis_index_int=\count179
\l__tl_analysis_nesting_int=\count180
\l__tl_analysis_type_int=\count181
)
(/usr/local/texlive/2015/texmf-dist/tex/latex/l3experimental/l3str/l3flag.sty
Package: l3flag 2014/11/25 v5471 L3 Experimental flags
)
(/usr/local/texlive/2015/texmf-dist/tex/latex/l3experimental/l3str/l3str-conver
t.sty
Package: l3str-convert 2014/06/03 v5028 L3 Experimental string encoding convers
ions
\l__str_internal_int=\count182
\c__str_replacement_char_int=\count183
)
\l__regex_internal_a_int=\count184
\l__regex_internal_b_int=\count185
\l__regex_internal_c_int=\count186
\l__regex_balance_int=\count187
\l__regex_group_level_int=\count188
\l__regex_mode_int=\count189
\l__regex_catcodes_int=\count190
\l__regex_default_catcodes_int=\count191
\c__regex_catcode_D_int=\count192
\c__regex_catcode_S_int=\count193
\c__regex_catcode_L_int=\count194
\c__regex_catcode_O_int=\count195
\c__regex_catcode_A_int=\count196
\c__regex_all_catcodes_int=\count197
\l__regex_show_lines_int=\count198
\l__regex_min_state_int=\count199
\l__regex_max_state_int=\count200
\l__regex_left_state_int=\count201
\l__regex_right_state_int=\count202
\l__regex_capturing_group_int=\count203
\l__regex_min_pos_int=\count204
\l__regex_max_pos_int=\count205
\l__regex_current_pos_int=\count206
\l__regex_start_pos_int=\count207
\l__regex_success_pos_int=\count208
\l__regex_current_char_int=\count209
\l__regex_current_catcode_int=\count210
\l__regex_last_char_int=\count211
\l__regex_case_changed_char_int=\count212
\l__regex_current_state_int=\count213
\l__regex_step_int=\count214
\l__regex_min_active_int=\count215
\l__regex_max_active_int=\count216
\l__regex_replacement_csnames_int=\count217
\l__regex_match_count_int=\count218
\l__regex_submatch_int=\count219
\l__regex_zeroth_submatch_int=\count220
)
(/usr/local/texlive/2015/texmf-dist/tex/latex/l3packages/l3keys2e/l3keys2e.sty
Package: l3keys2e 2014/11/25 v5471 LaTeX2e option processing using LaTeX3 keys
) (/usr/local/texlive/2015/texmf-dist/tex/latex/l3packages/xparse/xparse.sty
Package: xparse 2014/11/25 v5471 L3 Experimental document command parser
\l__xparse_current_arg_int=\count221
\l__xparse_m_args_int=\count222
\l__xparse_mandatory_args_int=\count223
\l__xparse_processor_int=\count224
\l__xparse_v_nesting_int=\count225
)
(/usr/local/texlive/2015/texmf-dist/tex/latex/oberdiek/atenddvi.sty
Package: atenddvi 2007/04/17 v1.1 At end DVI hook (HO)

(/usr/local/texlive/2015/texmf-dist/tex/latex/oberdiek/zref-abspage.sty
Package: zref-abspage 2012/04/04 v2.24 Module abspage for zref (HO)

(/usr/local/texlive/2015/texmf-dist/tex/latex/oberdiek/zref-base.sty
Package: zref-base 2012/04/04 v2.24 Module base for zref (HO)
Package zref Info: New property list: main on input line 759.
Package zref Info: New property: default on input line 760.
Package zref Info: New property: page on input line 761.
)
\c@abspage=\count226
Package zref Info: New property: abspage on input line 62.
)
(/usr/local/texlive/2015/texmf-dist/tex/latex/oberdiek/zref-lastpage.sty
Package: zref-lastpage 2012/04/04 v2.24 Module lastpage for zref (HO)
Package zref Info: New property list: LastPage on input line 55.
))
(/usr/local/texlive/2015/texmf-dist/tex/latex/pgf/frontendlayer/tikz.sty
(/usr/local/texlive/2015/texmf-dist/tex/latex/pgf/basiclayer/pgf.sty
Package: pgf 2013/12/18 v3.0.0 (rcs-revision 1.14)

(/usr/local/texlive/2015/texmf-dist/tex/generic/pgf/modules/pgfmoduleshapes.cod
e.tex
File: pgfmoduleshapes.code.tex 2013/10/31  (rcs-revision 1.34)
\pgfnodeparttextbox=\box68
)
(/usr/local/texlive/2015/texmf-dist/tex/generic/pgf/modules/pgfmoduleplot.code.
tex
File: pgfmoduleplot.code.tex 2013/07/31  (rcs-revision 1.12)
)
(/usr/local/texlive/2015/texmf-dist/tex/latex/pgf/compatibility/pgfcomp-version
-0-65.sty
Package: pgfcomp-version-0-65 2007/07/03 v3.0.0 (rcs-revision 1.7)
\pgf@nodesepstart=\dimen219
\pgf@nodesepend=\dimen220
)
(/usr/local/texlive/2015/texmf-dist/tex/latex/pgf/compatibility/pgfcomp-version
-1-18.sty
Package: pgfcomp-version-1-18 2007/07/23 v3.0.0 (rcs-revision 1.1)
))
(/usr/local/texlive/2015/texmf-dist/tex/latex/pgf/utilities/pgffor.sty
(/usr/local/texlive/2015/texmf-dist/tex/latex/pgf/utilities/pgfkeys.sty
(/usr/local/texlive/2015/texmf-dist/tex/generic/pgf/utilities/pgfkeys.code.tex)
) (/usr/local/texlive/2015/texmf-dist/tex/latex/pgf/math/pgfmath.sty
(/usr/local/texlive/2015/texmf-dist/tex/generic/pgf/math/pgfmath.code.tex))
(/usr/local/texlive/2015/texmf-dist/tex/generic/pgf/utilities/pgffor.code.tex
Package: pgffor 2013/12/13 v3.0.0 (rcs-revision 1.25)

(/usr/local/texlive/2015/texmf-dist/tex/generic/pgf/math/pgfmath.code.tex)
\pgffor@iter=\dimen221
\pgffor@skip=\dimen222
\pgffor@stack=\toks43
\pgffor@toks=\toks44
))
(/usr/local/texlive/2015/texmf-dist/tex/generic/pgf/frontendlayer/tikz/tikz.cod
e.tex
Package: tikz 2013/12/13 v3.0.0 (rcs-revision 1.142)

(/usr/local/texlive/2015/texmf-dist/tex/generic/pgf/libraries/pgflibraryplothan
dlers.code.tex
File: pgflibraryplothandlers.code.tex 2013/08/31 v3.0.0 (rcs-revision 1.20)
\pgf@plot@mark@count=\count227
\pgfplotmarksize=\dimen223
)
\tikz@lastx=\dimen224
\tikz@lasty=\dimen225
\tikz@lastxsaved=\dimen226
\tikz@lastysaved=\dimen227
\tikzleveldistance=\dimen228
\tikzsiblingdistance=\dimen229
\tikz@figbox=\box69
\tikz@figbox@bg=\box70
\tikz@tempbox=\box71
\tikz@tempbox@bg=\box72
\tikztreelevel=\count228
\tikznumberofchildren=\count229
\tikznumberofcurrentchild=\count230
\tikz@fig@count=\count231

(/usr/local/texlive/2015/texmf-dist/tex/generic/pgf/modules/pgfmodulematrix.cod
e.tex
File: pgfmodulematrix.code.tex 2013/09/17  (rcs-revision 1.8)
\pgfmatrixcurrentrow=\count232
\pgfmatrixcurrentcolumn=\count233
\pgf@matrix@numberofcolumns=\count266
)
\tikz@expandcount=\count267

(/usr/local/texlive/2015/texmf-dist/tex/generic/pgf/frontendlayer/tikz/librarie
s/tikzlibrarytopaths.code.tex
File: tikzlibrarytopaths.code.tex 2008/06/17 v3.0.0 (rcs-revision 1.2)
)))
Package: media9 2015/05/11 v0.52 acrobat-9/X compatible media
\g_mix_pkgresizeflag_int=\count268
\l_mix_poster_box=\box73
\g_mix_wd_dim=\dimen230
\g_mix_ht_dim=\dimen231
\g_mix_dp_dim=\dimen232
\g_mix_rmcnt_int=\count269
\l_mix_viewcnt_int=\count270
\g@mix@page@int=\count271
\g_mix_oc_int=\count272
\g_mix_resizeflag_int=\count273
\l_mix_lineno_int=\count274
.................................................
. LaTeX info: "xparse/define-command"
. 
. Defining command \addmediapath with sig. 'm' on line 1322.
.................................................
\l_mix_pbtn_box=\box74
\mix@btn@dim=\dimen233
.................................................
. LaTeX info: "xparse/define-command"
. 
. Defining command \includemedia with sig. 'O{}mm' on line 1680.
.................................................
\g_mix_mbtncnt_int=\count275
.................................................
. LaTeX info: "xparse/define-command"
. 
. Defining command \mediabutton with sig. 'O{}m' on line 2886.
.................................................
)
(/usr/local/texlive/2015/texmf-dist/tex/latex/animate/animate.sty
Package: animate 2015/03/11 PDF animations from files and inline graphics

(/usr/local/texlive/2015/texmf-dist/tex/latex/base/ifthen.sty
Package: ifthen 2014/09/29 v1.1c Standard LaTeX ifthen package (DPC)
)
(/usr/local/texlive/2015/texmf-dist/tex/latex/oberdiek/ifdraft.sty
Package: ifdraft 2008/08/11 v1.3 Detect class options draft and final (HO)
)
(/usr/local/texlive/2015/texmf-dist/tex/latex/tools/calc.sty
Package: calc 2014/10/28 v4.3 Infix arithmetic (KKT,FJ)
\calc@Acount=\count276
\calc@Bcount=\count277
\calc@Adimen=\dimen256
\calc@Bdimen=\dimen257
\calc@Askip=\skip63
\calc@Bskip=\skip64
LaTeX Info: Redefining \setlength on input line 80.
LaTeX Info: Redefining \addtolength on input line 81.
\calc@Ccount=\count278
\calc@Cskip=\skip65
)
(/usr/local/texlive/2015/texmf-dist/tex/latex/animate/animfp.sty
Package: animfp 2009/07/23 fixed point addition for animate.sty
\afp@xs=\count279
\afp@xia=\count280
\afp@xib=\count281
\afp@xfa=\count282
\afp@xfb=\count283
\afp@rega=\count284
\afp@regb=\count285
\afp@regs=\count286
)
(/usr/local/texlive/2015/texmf-dist/tex/context/base/supp-pdf.mkii
[Loading MPS to PDF converter (version 2006.09.02).]
\scratchcounter=\count287
\scratchdimen=\dimen258
\scratchbox=\box75
\nofMPsegments=\count288
\nofMParguments=\count289
\everyMPshowfont=\toks45
\MPscratchCnt=\count290
\MPscratchDim=\dimen259
\MPnumerator=\count291
\makeMPintoPDFobject=\count292
\everyMPtoPDFconversion=\toks46
)
\@anim@box=\box76
\@anim@measbox=\box77
\@anim@tmpdima=\dimen260
\@anim@tmpdimb=\dimen261
\@anim@ocnum=\count293
\@anim@num=\count294
\@anim@curframe=\count295
\@anim@curframe@zb=\count296
\@anim@resizeflags=\count297
\@anim@skipfram=\count298
\@anim@mulframecnt=\count299
\@anim@@tmlnfile=\read2
\@anim@tmpcnt=\count300
\c@@anim@ltxcnt=\count301
\@anim@curlayer=\count302
\@anim@lineno=\count303
\@anim@curfield=\count304
\@anim@begin=\toks47
\@anim@end=\toks48
\@anim@@resizeflags=\count305
) (./beamer_ex.aux)
\openout1 = `beamer_ex.aux'.

LaTeX Font Info:    Checking defaults for OML/cmm/m/it on input line 6.
LaTeX Font Info:    ... okay on input line 6.
LaTeX Font Info:    Checking defaults for T1/cmr/m/n on input line 6.
LaTeX Font Info:    ... okay on input line 6.
LaTeX Font Info:    Checking defaults for OT1/cmr/m/n on input line 6.
LaTeX Font Info:    ... okay on input line 6.
LaTeX Font Info:    Checking defaults for OMS/cmsy/m/n on input line 6.
LaTeX Font Info:    ... okay on input line 6.
LaTeX Font Info:    Checking defaults for OMX/cmex/m/n on input line 6.
LaTeX Font Info:    ... okay on input line 6.
LaTeX Font Info:    Checking defaults for U/cmr/m/n on input line 6.
LaTeX Font Info:    ... okay on input line 6.
LaTeX Font Info:    Checking defaults for PD1/pdf/m/n on input line 6.
LaTeX Font Info:    ... okay on input line 6.

*geometry* driver: auto-detecting
*geometry* detected driver: pdftex
*geometry* verbose mode - [ preamble ] result:
* driver: pdftex
* paper: custom
* layout: <same size as paper>
* layoutoffset:(h,v)=(0.0pt,0.0pt)
* modes: includehead includefoot 
* h-part:(L,W,R)=(28.45274pt, 307.28987pt, 28.45274pt)
* v-part:(T,H,B)=(0.0pt, 273.14662pt, 0.0pt)
* \paperwidth=364.19536pt
* \paperheight=273.14662pt
* \textwidth=307.28987pt
* \textheight=244.6939pt
* \oddsidemargin=-43.81725pt
* \evensidemargin=-43.81725pt
* \topmargin=-72.26999pt
* \headheight=14.22636pt
* \headsep=0.0pt
* \topskip=11.0pt
* \footskip=14.22636pt
* \marginparwidth=4.0pt
* \marginparsep=10.0pt
* \columnsep=10.0pt
* \skip\footins=10.0pt plus 4.0pt minus 2.0pt
* \hoffset=0.0pt
* \voffset=0.0pt
* \mag=1000
* \@twocolumnfalse
* \@twosidefalse
* \@mparswitchfalse
* \@reversemarginfalse
* (1in=72.27pt=25.4mm, 1cm=28.453pt)

(/usr/local/texlive/2015/texmf-dist/tex/latex/oberdiek/epstopdf-base.sty
Package: epstopdf-base 2010/02/09 v2.5 Base part for package epstopdf

(/usr/local/texlive/2015/texmf-dist/tex/latex/oberdiek/grfext.sty
Package: grfext 2010/08/19 v1.1 Manage graphics extensions (HO)
)
Package grfext Info: Graphics extension search list:
(grfext)             [.png,.pdf,.jpg,.mps,.jpeg,.jbig2,.jb2,.PNG,.PDF,.JPG,.JPE
G,.JBIG2,.JB2,.eps]
(grfext)             \AppendGraphicsExtensions on input line 452.

(/usr/local/texlive/2015/texmf-dist/tex/latex/latexconfig/epstopdf-sys.cfg
File: epstopdf-sys.cfg 2010/07/13 v1.3 Configuration of (r)epstopdf for TeX Liv
e
))
ABD: EveryShipout initializing macros
\AtBeginShipoutBox=\box78
Package hyperref Info: Link coloring OFF on input line 6.

(/usr/local/texlive/2015/texmf-dist/tex/latex/hyperref/nameref.sty
Package: nameref 2012/10/27 v2.43 Cross-referencing by name of section

(/usr/local/texlive/2015/texmf-dist/tex/generic/oberdiek/gettitlestring.sty
Package: gettitlestring 2010/12/03 v1.4 Cleanup title references (HO)
)
\c@section@level=\count306
)
LaTeX Info: Redefining \ref on input line 6.
LaTeX Info: Redefining \pageref on input line 6.
LaTeX Info: Redefining \nameref on input line 6.

(./beamer_ex.out) (./beamer_ex.out)
\@outlinefile=\write5
\openout5 = `beamer_ex.out'.

LaTeX Font Info:    Overwriting symbol font `operators' in version `normal'
(Font)                  OT1/cmr/m/n --> OT1/cmss/m/n on input line 6.
LaTeX Font Info:    Overwriting symbol font `operators' in version `bold'
(Font)                  OT1/cmr/bx/n --> OT1/cmss/bx/n on input line 6.
\symnumbers=\mathgroup6
\sympureletters=\mathgroup7
LaTeX Font Info:    Overwriting math alphabet `\mathrm' in version `normal'
(Font)                  OT1/cmss/m/n --> OT1/cmr/m/n on input line 6.
LaTeX Font Info:    Redeclaring math alphabet \mathbf on input line 6.
LaTeX Font Info:    Overwriting math alphabet `\mathbf' in version `normal'
(Font)                  OT1/cmr/bx/n --> OT1/cmss/bx/n on input line 6.
LaTeX Font Info:    Overwriting math alphabet `\mathbf' in version `bold'
(Font)                  OT1/cmr/bx/n --> OT1/cmss/bx/n on input line 6.
LaTeX Font Info:    Redeclaring math alphabet \mathsf on input line 6.
LaTeX Font Info:    Overwriting math alphabet `\mathsf' in version `normal'
(Font)                  OT1/cmss/m/n --> OT1/cmss/m/n on input line 6.
LaTeX Font Info:    Overwriting math alphabet `\mathsf' in version `bold'
(Font)                  OT1/cmss/bx/n --> OT1/cmss/m/n on input line 6.
LaTeX Font Info:    Redeclaring math alphabet \mathit on input line 6.
LaTeX Font Info:    Overwriting math alphabet `\mathit' in version `normal'
(Font)                  OT1/cmr/m/it --> OT1/cmss/m/it on input line 6.
LaTeX Font Info:    Overwriting math alphabet `\mathit' in version `bold'
(Font)                  OT1/cmr/bx/it --> OT1/cmss/m/it on input line 6.
LaTeX Font Info:    Redeclaring math alphabet \mathtt on input line 6.
LaTeX Font Info:    Overwriting math alphabet `\mathtt' in version `normal'
(Font)                  OT1/cmtt/m/n --> OT1/cmtt/m/n on input line 6.
LaTeX Font Info:    Overwriting math alphabet `\mathtt' in version `bold'
(Font)                  OT1/cmtt/m/n --> OT1/cmtt/m/n on input line 6.
LaTeX Font Info:    Overwriting symbol font `numbers' in version `bold'
(Font)                  OT1/cmss/m/n --> OT1/cmss/bx/n on input line 6.
LaTeX Font Info:    Overwriting symbol font `pureletters' in version `bold'
(Font)                  OT1/cmss/m/it --> OT1/cmss/bx/it on input line 6.
LaTeX Font Info:    Overwriting math alphabet `\mathrm' in version `bold'
(Font)                  OT1/cmss/bx/n --> OT1/cmr/bx/n on input line 6.
LaTeX Font Info:    Overwriting math alphabet `\mathbf' in version `bold'
(Font)                  OT1/cmss/bx/n --> OT1/cmss/bx/n on input line 6.
LaTeX Font Info:    Overwriting math alphabet `\mathsf' in version `bold'
(Font)                  OT1/cmss/m/n --> OT1/cmss/bx/n on input line 6.
LaTeX Font Info:    Overwriting math alphabet `\mathit' in version `bold'
(Font)                  OT1/cmss/m/it --> OT1/cmss/bx/it on input line 6.
LaTeX Font Info:    Overwriting math alphabet `\mathtt' in version `bold'
(Font)                  OT1/cmtt/m/n --> OT1/cmtt/bx/n on input line 6.
LaTeX Font Info:    Redeclaring symbol font `pureletters' on input line 6.
LaTeX Font Info:    Overwriting symbol font `pureletters' in version `normal'
(Font)                  OT1/cmss/m/it --> OT1/mathkerncmss/m/sl on input line 6
.
LaTeX Font Info:    Overwriting symbol font `pureletters' in version `bold'
(Font)                  OT1/cmss/bx/it --> OT1/mathkerncmss/m/sl on input line 
6.
LaTeX Font Info:    Overwriting symbol font `pureletters' in version `bold'
(Font)                  OT1/mathkerncmss/m/sl --> OT1/mathkerncmss/bx/sl on inp
ut line 6.

(/usr/local/texlive/2015/texmf-dist/tex/latex/beamer/translator/dicts/translato
r-basic-dictionary/translator-basic-dictionary-English.dict
Dictionary: translator-basic-dictionary, Language: English 
)
(/usr/local/texlive/2015/texmf-dist/tex/latex/beamer/translator/dicts/translato
r-bibliography-dictionary/translator-bibliography-dictionary-English.dict
Dictionary: translator-bibliography-dictionary, Language: English 
)
(/usr/local/texlive/2015/texmf-dist/tex/latex/beamer/translator/dicts/translato
r-environment-dictionary/translator-environment-dictionary-English.dict
Dictionary: translator-environment-dictionary, Language: English 
)
(/usr/local/texlive/2015/texmf-dist/tex/latex/beamer/translator/dicts/translato
r-months-dictionary/translator-months-dictionary-English.dict
Dictionary: translator-months-dictionary, Language: English 
)
(/usr/local/texlive/2015/texmf-dist/tex/latex/beamer/translator/dicts/translato
r-numbers-dictionary/translator-numbers-dictionary-English.dict
Dictionary: translator-numbers-dictionary, Language: English 
)
(/usr/local/texlive/2015/texmf-dist/tex/latex/beamer/translator/dicts/translato
r-theorem-dictionary/translator-theorem-dictionary-English.dict
Dictionary: translator-theorem-dictionary, Language: English 
)
LaTeX Info: Redefining \includegraphics on input line 6.

(./beamer_ex.nav) <./pngs/PM0001.png> <./pngs/PM0002.png> <./pngs/PM0003.png> <
./pngs/PM0004.png> <./pngs/PM0005.png> <./pngs/PM0006.png> <./pngs/PM0007.png> 
<./pngs/PM0008.png> <./pngs/PM0009.png> <./pngs/PM0010.png> <./pngs/PM0011.png>
 <./pngs/PM0012.png> <./pngs/PM0013.png> <./pngs/PM0014.png> <./pngs/PM0015.png
> <./pngs/PM0016.png> <./pngs/PM0017.png> <./pngs/PM0018.png> <./pngs/PM0019.pn
g> <./pngs/PM0020.png> <./pngs/PM0021.png> <./pngs/PM0022.png> <./pngs/PM0023.p
ng> <./pngs/PM0024.png> <./pngs/PM0025.png> <./pngs/PM0026.png> <./pngs/PM0027.
png> <./pngs/PM0028.png> <./pngs/PM0029.png> <./pngs/PM0030.png> <./pngs/PM0031
.png> <./pngs/PM0032.png> <./pngs/PM0033.png> <./pngs/PM0034.png> <./pngs/PM003
5.png> <./pngs/PM0036.png> <./pngs/PM0037.png> <./pngs/PM0038.png> <./pngs/PM00
39.png> <./pngs/PM0040.png> <./pngs/PM0041.png> <./pngs/PM0042.png> <./pngs/PM0
043.png> <./pngs/PM0044.png> <./pngs/PM0045.png> <./pngs/PM0046.png> <./pngs/PM
0047.png> <./pngs/PM0048.png> <./pngs/PM0049.png> <./pngs/PM0050.png> <./pngs/P
M0051.png> <./pngs/PM0052.png> <./pngs/PM0053.png> <./pngs/PM0054.png> <./pngs/
PM0055.png> <./pngs/PM0056.png> <./pngs/PM0057.png> <./pngs/PM0058.png> <./pngs
/PM0059.png> <./pngs/PM0060.png> <./pngs/PM0061.png> <./pngs/PM0062.png> <./png
s/PM0063.png> <./pngs/PM0064.png> <./pngs/PM0065.png> <./pngs/PM0066.png> <./pn
gs/PM0067.png> <./pngs/PM0068.png> <./pngs/PM0069.png> <./pngs/PM0070.png> <./p
ngs/PM0071.png> <./pngs/PM0072.png> <./pngs/PM0073.png> <./pngs/PM0074.png> <./
pngs/PM0075.png> <./pngs/PM0076.png> <./pngs/PM0077.png> <./pngs/PM0078.png> <.
/pngs/PM0079.png> <./pngs/PM0080.png> <./pngs/PM0081.png> <./pngs/PM0082.png> <
./pngs/PM0083.png> <./pngs/PM0084.png> <./pngs/PM0085.png> <./pngs/PM0086.png> 
<./pngs/PM0087.png> <./pngs/PM0088.png> <./pngs/PM0089.png> <./pngs/PM0090.png>
 <./pngs/PM0091.png> <./pngs/PM0092.png> <./pngs/PM0093.png> <./pngs/PM0094.png
> <./pngs/PM0095.png> <./pngs/PM0096.png> <./pngs/PM0097.png> <./pngs/PM0098.pn
g> <./pngs/PM0099.png> <./pngs/PM0100.png> <./pngs/PM0101.png> <./pngs/PM0102.p
ng> <./pngs/PM0103.png> <./pngs/PM0104.png> <./pngs/PM0105.png> <./pngs/PM0106.
png> <./pngs/PM0107.png> <./pngs/PM0108.png> <./pngs/PM0109.png> <./pngs/PM0110
.png> <./pngs/PM0111.png> <./pngs/PM0112.png> <./pngs/PM0113.png> <./pngs/PM011
4.png> <./pngs/PM0115.png> <./pngs/PM0116.png> <./pngs/PM0117.png> <./pngs/PM01
18.png> <./pngs/PM0119.png> <./pngs/PM0120.png> <./pngs/PM0121.png> <./pngs/PM0
122.png> <./pngs/PM0123.png> <./pngs/PM0124.png> <./pngs/PM0125.png> <./pngs/PM
0126.png> <./pngs/PM0127.png> <./pngs/PM0128.png> <./pngs/PM0129.png> <./pngs/P
M0130.png> <./pngs/PM0131.png> <./pngs/PM0132.png> <./pngs/PM0133.png> <./pngs/
PM0134.png> <./pngs/PM0135.png> <./pngs/PM0136.png> <./pngs/PM0137.png> <./pngs
/PM0138.png> <./pngs/PM0139.png> <./pngs/PM0140.png> <./pngs/PM0141.png> <./png
s/PM0142.png> <./pngs/PM0143.png> <./pngs/PM0144.png> <./pngs/PM0145.png> <./pn
gs/PM0146.png> <./pngs/PM0147.png> <./pngs/PM0148.png> <./pngs/PM0149.png> <./p
ngs/PM0150.png> <./pngs/PM0151.png> <./pngs/PM0152.png> <./pngs/PM0153.png> <./
pngs/PM0154.png> <./pngs/PM0155.png> <./pngs/PM0156.png> <./pngs/PM0157.png> <.
/pngs/PM0158.png> <./pngs/PM0159.png> <./pngs/PM0160.png> <./pngs/PM0161.png> <
./pngs/PM0162.png> <./pngs/PM0163.png> <./pngs/PM0164.png> <./pngs/PM0165.png> 
<./pngs/PM0166.png> <./pngs/PM0167.png> <./pngs/PM0168.png> <./pngs/PM0169.png>
 <./pngs/PM0170.png> <./pngs/PM0171.png> <./pngs/PM0172.png> <./pngs/PM0173.png
> <./pngs/PM0174.png> <./pngs/PM0175.png> <./pngs/PM0176.png> <./pngs/PM0177.pn
g> <./pngs/PM0178.png> <./pngs/PM0179.png> <./pngs/PM0180.png> <./pngs/PM0181.p
ng> <./pngs/PM0182.png> <./pngs/PM0183.png> <./pngs/PM0184.png> <./pngs/PM0185.
png> <./pngs/PM0186.png> <./pngs/PM0187.png> <./pngs/PM0188.png> <./pngs/PM0189
.png> <./pngs/PM0190.png> <./pngs/PM0191.png> <./pngs/PM0192.png> <./pngs/PM019
3.png> <./pngs/PM0194.png> <./pngs/PM0195.png> <./pngs/PM0196.png> <./pngs/PM01
97.png> <./pngs/PM0198.png> <./pngs/PM0199.png> <./pngs/PM0200.png> <./pngs/PM0
201.png> <./pngs/PM0202.png> <./pngs/PM0203.png> <./pngs/PM0204.png> <./pngs/PM
0205.png> <./pngs/PM0206.png> <./pngs/PM0207.png> <./pngs/PM0208.png> <./pngs/P
M0209.png> <./pngs/PM0210.png> <./pngs/PM0211.png> <./pngs/PM0212.png> <./pngs/
PM0213.png> <./pngs/PM0214.png> <./pngs/PM0215.png> <./pngs/PM0216.png> <./pngs
/PM0217.png> <./pngs/PM0218.png> <./pngs/PM0219.png> <./pngs/PM0220.png> <./png
s/PM0221.png> <./pngs/PM0222.png> <./pngs/PM0223.png> <./pngs/PM0224.png> <./pn
gs/PM0225.png> <./pngs/PM0226.png> <./pngs/PM0227.png> <./pngs/PM0228.png> <./p
ngs/PM0229.png> <./pngs/PM0230.png> <./pngs/PM0231.png> <./pngs/PM0232.png> <./
pngs/PM0233.png> <./pngs/PM0234.png> <./pngs/PM0235.png> <./pngs/PM0236.png> <.
/pngs/PM0237.png> <./pngs/PM0238.png> <./pngs/PM0239.png> <./pngs/PM0240.png> <
./pngs/PM0241.png> <./pngs/PM0242.png> <./pngs/PM0243.png> <./pngs/PM0244.png> 
<./pngs/PM0245.png> <./pngs/PM0246.png> <./pngs/PM0247.png> <./pngs/PM0248.png>
 <./pngs/PM0249.png> <./pngs/PM0250.png> <./pngs/PM0251.png> <./pngs/PM0252.png
> <./pngs/PM0253.png> <./pngs/PM0254.png> <./pngs/PM0255.png> <./pngs/PM0256.pn
g> <./pngs/PM0257.png> <./pngs/PM0258.png> <./pngs/PM0259.png> <./pngs/PM0260.p
ng> <./pngs/PM0261.png> <./pngs/PM0262.png> <./pngs/PM0263.png> <./pngs/PM0264.
png> <./pngs/PM0265.png> <./pngs/PM0266.png> <./pngs/PM0267.png> <./pngs/PM0268
.png> <./pngs/PM0269.png> <./pngs/PM0270.png> <./pngs/PM0271.png> <./pngs/PM027
2.png> <./pngs/PM0273.png> <./pngs/PM0274.png> <./pngs/PM0275.png> <./pngs/PM02
76.png> <./pngs/PM0277.png> <./pngs/PM0278.png> <./pngs/PM0279.png> <./pngs/PM0
280.png> <./pngs/PM0281.png> <./pngs/PM0282.png> <./pngs/PM0283.png> <./pngs/PM
0284.png> <./pngs/PM0285.png> <./pngs/PM0286.png> <./pngs/PM0287.png> <./pngs/P
M0288.png> <./pngs/PM0289.png> <./pngs/PM0290.png> <./pngs/PM0291.png> <./pngs/
PM0292.png> <./pngs/PM0293.png> <./pngs/PM0294.png> <./pngs/PM0295.png> <./pngs
/PM0296.png> <./pngs/PM0297.png> <./pngs/PM0298.png> <./pngs/PM0299.png> <./png
s/PM0300.png> <./pngs/PM0301.png> <./pngs/PM0302.png> <./pngs/PM0303.png> <./pn
gs/PM0304.png> <./pngs/PM0305.png> <./pngs/PM0306.png> <./pngs/PM0307.png> <./p
ngs/PM0308.png> <./pngs/PM0309.png> <./pngs/PM0310.png> <./pngs/PM0311.png> <./
pngs/PM0312.png> <./pngs/PM0313.png> <./pngs/PM0314.png> <./pngs/PM0315.png> <.
/pngs/PM0316.png> <./pngs/PM0317.png> <./pngs/PM0318.png> <./pngs/PM0319.png> <
./pngs/PM0320.png> <./pngs/PM0321.png> <./pngs/PM0322.png> <./pngs/PM0323.png> 
<./pngs/PM0324.png> <./pngs/PM0325.png> <./pngs/PM0326.png> <./pngs/PM0327.png>
 <./pngs/PM0328.png> <./pngs/PM0329.png> <./pngs/PM0330.png> <./pngs/PM0331.png
> <./pngs/PM0332.png> <./pngs/PM0333.png> <./pngs/PM0334.png> <./pngs/PM0335.pn
g> <./pngs/PM0336.png> <./pngs/PM0337.png> <./pngs/PM0338.png> <./pngs/PM0339.p
ng> <./pngs/PM0340.png> <./pngs/PM0341.png> <./pngs/PM0342.png> <./pngs/PM0343.
png> <./pngs/PM0344.png> <./pngs/PM0345.png> <./pngs/PM0346.png> <./pngs/PM0347
.png> <./pngs/PM0348.png> <./pngs/PM0349.png> <./pngs/PM0350.png> <./pngs/PM035
1.png> <./pngs/PM0352.png> <./pngs/PM0353.png> <./pngs/PM0354.png> <./pngs/PM03
55.png> <./pngs/PM0356.png> <./pngs/PM0357.png> <./pngs/PM0358.png> <./pngs/PM0
359.png> <./pngs/PM0360.png> <./pngs/PM0361.png> <./pngs/PM0362.png> <./pngs/PM
0363.png> <./pngs/PM0364.png> <./pngs/PM0365.png> <./pngs/PM0366.png> <./pngs/P
M0367.png> <./pngs/PM0368.png> <./pngs/PM0369.png> <./pngs/PM0370.png> <./pngs/
PM0371.png> <./pngs/PM0372.png> <./pngs/PM0373.png> <./pngs/PM0374.png> <./pngs
/PM0375.png> <./pngs/PM0376.png> <./pngs/PM0377.png> <./pngs/PM0378.png> <./png
s/PM0379.png> <./pngs/PM0380.png> <./pngs/PM0381.png> <./pngs/PM0382.png> <./pn
gs/PM0383.png> <./pngs/PM0384.png> <./pngs/PM0385.png> <./pngs/PM0386.png> <./p
ngs/PM0387.png> <./pngs/PM0388.png> <./pngs/PM0389.png> <./pngs/PM0390.png> <./
pngs/PM0391.png> <./pngs/PM0392.png> <./pngs/PM0393.png> <./pngs/PM0394.png> <.
/pngs/PM0395.png> <./pngs/PM0396.png> <./pngs/PM0397.png> <./pngs/PM0398.png> <
./pngs/PM0399.png> <./pngs/PM0400.png> <./pngs/PM0401.png> <./pngs/PM0402.png> 
<./pngs/PM0403.png> <./pngs/PM0404.png> <./pngs/PM0405.png> <./pngs/PM0406.png>
 <./pngs/PM0407.png> <./pngs/PM0408.png> <./pngs/PM0409.png> <./pngs/PM0410.png
> <./pngs/PM0411.png> <./pngs/PM0412.png> <./pngs/PM0413.png> <./pngs/PM0414.pn
g> <./pngs/PM0415.png> <./pngs/PM0416.png> <./pngs/PM0417.png> <./pngs/PM0418.p
ng> <./pngs/PM0419.png> <./pngs/PM0420.png> <./pngs/PM0421.png> <./pngs/PM0422.
png> <./pngs/PM0423.png> <./pngs/PM0424.png> <./pngs/PM0425.png> <./pngs/PM0426
.png> <./pngs/PM0427.png> <./pngs/PM0428.png> <./pngs/PM0429.png> <./pngs/PM043
0.png> <./pngs/PM0431.png> <./pngs/PM0432.png> <./pngs/PM0433.png> <./pngs/PM04
34.png> <./pngs/PM0435.png> <./pngs/PM0436.png> <./pngs/PM0437.png> <./pngs/PM0
438.png> <./pngs/PM0439.png> <./pngs/PM0440.png> <./pngs/PM0441.png> <./pngs/PM
0442.png> <./pngs/PM0443.png> <./pngs/PM0444.png> <./pngs/PM0445.png> <./pngs/P
M0446.png> <./pngs/PM0447.png> <./pngs/PM0448.png> <./pngs/PM0449.png> <./pngs/
PM0450.png> <./pngs/PM0451.png> <./pngs/PM0452.png> <./pngs/PM0453.png> <./pngs
/PM0454.png> <./pngs/PM0455.png> <./pngs/PM0456.png> <./pngs/PM0457.png> <./png
s/PM0458.png> <./pngs/PM0459.png> <./pngs/PM0460.png> <./pngs/PM0461.png> <./pn
gs/PM0462.png> <./pngs/PM0463.png> <./pngs/PM0464.png> <./pngs/PM0465.png> <./p
ngs/PM0466.png> <./pngs/PM0467.png> <./pngs/PM0468.png> <./pngs/PM0469.png> <./
pngs/PM0470.png> <./pngs/PM0471.png> <./pngs/PM0472.png> <./pngs/PM0473.png> <.
/pngs/PM0474.png> <./pngs/PM0475.png> <./pngs/PM0476.png> <./pngs/PM0477.png> <
./pngs/PM0478.png> <./pngs/PM0479.png> <./pngs/PM0480.png> <./pngs/PM0481.png> 
<./pngs/PM0482.png> <./pngs/PM0483.png> <./pngs/PM0484.png> <./pngs/PM0485.png>
 <./pngs/PM0486.png> <./pngs/PM0487.png> <./pngs/PM0488.png> <./pngs/PM0489.png
> <./pngs/PM0490.png> <./pngs/PM0491.png> <./pngs/PM0492.png> <./pngs/PM0493.pn
g> <./pngs/PM0494.png> <./pngs/PM0495.png> <./pngs/PM0496.png> <./pngs/PM0497.p
ng> <./pngs/PM0498.png> <./pngs/PM0499.png> <./pngs/PM0500.png> <./pngs/PM0501.
png> <./pngs/PM0502.png> <./pngs/PM0503.png> <./pngs/PM0504.png> <./pngs/PM0505
.png> <./pngs/PM0506.png> <./pngs/PM0507.png> <./pngs/PM0508.png> <./pngs/PM050
9.png> <./pngs/PM0510.png> <./pngs/PM0511.png> <./pngs/PM0512.png> <./pngs/PM05
13.png> <./pngs/PM0514.png> <./pngs/PM0515.png> <./pngs/PM0516.png> <./pngs/PM0
517.png> <./pngs/PM0518.png> <./pngs/PM0519.png> <./pngs/PM0520.png> <./pngs/PM
0521.png> <./pngs/PM0522.png> <./pngs/PM0523.png> <./pngs/PM0524.png> <./pngs/P
M0525.png> <./pngs/PM0526.png> <./pngs/PM0527.png> <./pngs/PM0528.png> <./pngs/
PM0529.png> <./pngs/PM0530.png> <./pngs/PM0531.png> <./pngs/PM0532.png> <./pngs
/PM0533.png> <./pngs/PM0534.png> <./pngs/PM0535.png> <./pngs/PM0536.png> <./png
s/PM0537.png> <./pngs/PM0538.png> <./pngs/PM0539.png> <./pngs/PM0540.png> <./pn
gs/PM0541.png> <./pngs/PM0542.png> <./pngs/PM0543.png> <./pngs/PM0544.png> <./p
ngs/PM0545.png> <./pngs/PM0546.png> <./pngs/PM0547.png> <./pngs/PM0548.png> <./
pngs/PM0549.png> <./pngs/PM0550.png> <./pngs/PM0551.png> <./pngs/PM0552.png> <.
/pngs/PM0553.png> <./pngs/PM0554.png> <./pngs/PM0555.png> <./pngs/PM0556.png> <
./pngs/PM0557.png> <./pngs/PM0558.png> <./pngs/PM0559.png> <./pngs/PM0560.png> 
<./pngs/PM0561.png> <./pngs/PM0562.png> <./pngs/PM0563.png> <./pngs/PM0564.png>
 <./pngs/PM0565.png> <./pngs/PM0566.png> <./pngs/PM0567.png> <./pngs/PM0568.png
> <./pngs/PM0569.png> <./pngs/PM0570.png> <./pngs/PM0571.png> <./pngs/PM0572.pn
g> <./pngs/PM0573.png> <./pngs/PM0574.png> <./pngs/PM0575.png> <./pngs/PM0576.p
ng> <./pngs/PM0577.png> <./pngs/PM0578.png> <./pngs/PM0579.png> <./pngs/PM0580.
png> <./pngs/PM0581.png> <./pngs/PM0582.png> <./pngs/PM0583.png> <./pngs/PM0584
.png> <./pngs/PM0585.png> <./pngs/PM0586.png> <./pngs/PM0587.png> <./pngs/PM058
8.png> <./pngs/PM0589.png> <./pngs/PM0590.png> <./pngs/PM0591.png> <./pngs/PM05
92.png> <./pngs/PM0593.png> <./pngs/PM0594.png> <./pngs/PM0595.png> <./pngs/PM0
596.png> <./pngs/PM0597.png> <./pngs/PM0598.png> <./pngs/PM0599.png> <./pngs/PM
0600.png> <./pngs/PM0601.png> <./pngs/PM0602.png> <./pngs/PM0603.png> <./pngs/P
M0604.png> <./pngs/PM0605.png> <./pngs/PM0606.png> <./pngs/PM0607.png> <./pngs/
PM0608.png> <./pngs/PM0609.png> <./pngs/PM0610.png> <./pngs/PM0611.png> <./pngs
/PM0612.png> <./pngs/PM0613.png> <./pngs/PM0614.png> <./pngs/PM0615.png> <./png
s/PM0616.png> <./pngs/PM0617.png> <./pngs/PM0618.png> <./pngs/PM0619.png> <./pn
gs/PM0620.png> <./pngs/PM0621.png> <./pngs/PM0622.png> <./pngs/PM0623.png> <./p
ngs/PM0624.png> <./pngs/PM0625.png> <./pngs/PM0626.png> <./pngs/PM0627.png> <./
pngs/PM0628.png> <./pngs/PM0629.png> <./pngs/PM0630.png> <./pngs/PM0631.png> <.
/pngs/PM0632.png> <./pngs/PM0633.png> <./pngs/PM0634.png> <./pngs/PM0635.png> <
./pngs/PM0636.png> <./pngs/PM0637.png> <./pngs/PM0638.png> <./pngs/PM0639.png> 
<./pngs/PM0640.png> <./pngs/PM0641.png> <./pngs/PM0642.png> <./pngs/PM0643.png>
 <./pngs/PM0644.png> <./pngs/PM0645.png> <./pngs/PM0646.png> <./pngs/PM0647.png
> <./pngs/PM0648.png> <./pngs/PM0649.png> <./pngs/PM0650.png> <./pngs/PM0651.pn
g> <./pngs/PM0652.png> <./pngs/PM0653.png> <./pngs/PM0654.png> <./pngs/PM0655.p
ng> <./pngs/PM0656.png> <./pngs/PM0657.png> <./pngs/PM0658.png> <./pngs/PM0659.
png> <./pngs/PM0660.png> <./pngs/PM0661.png> <./pngs/PM0662.png> <./pngs/PM0663
.png> <./pngs/PM0664.png> <./pngs/PM0665.png> <./pngs/PM0666.png> <./pngs/PM066
7.png> <./pngs/PM0668.png> <./pngs/PM0669.png> <./pngs/PM0670.png> <./pngs/PM06
71.png> <./pngs/PM0672.png> <./pngs/PM0673.png> <./pngs/PM0674.png> <./pngs/PM0
675.png> <./pngs/PM0676.png> <./pngs/PM0677.png> <./pngs/PM0678.png> <./pngs/PM
0679.png> <./pngs/PM0680.png> <./pngs/PM0681.png> <./pngs/PM0682.png> <./pngs/P
M0683.png> <./pngs/PM0684.png> <./pngs/PM0685.png> <./pngs/PM0686.png> <./pngs/
PM0687.png> <./pngs/PM0688.png> <./pngs/PM0689.png> <./pngs/PM0690.png> <./pngs
/PM0691.png> <./pngs/PM0692.png> <./pngs/PM0693.png> <./pngs/PM0694.png> <./png
s/PM0695.png> <./pngs/PM0696.png> <./pngs/PM0697.png> <./pngs/PM0698.png> <./pn
gs/PM0699.png> <./pngs/PM0700.png> <./pngs/PM0701.png> <./pngs/PM0702.png> <./p
ngs/PM0703.png> <./pngs/PM0704.png> <./pngs/PM0705.png> <./pngs/PM0706.png> <./
pngs/PM0707.png> <./pngs/PM0708.png> <./pngs/PM0709.png> <./pngs/PM0710.png> <.
/pngs/PM0711.png> <./pngs/PM0712.png> <./pngs/PM0713.png> <./pngs/PM0714.png> <
./pngs/PM0715.png> <./pngs/PM0716.png> <./pngs/PM0717.png> <./pngs/PM0718.png> 
<./pngs/PM0719.png> <./pngs/PM0720.png> <./pngs/PM0721.png> <./pngs/PM0722.png>
 <./pngs/PM0723.png> <./pngs/PM0724.png> <./pngs/PM0725.png> <./pngs/PM0726.png
> <./pngs/PM0727.png> <./pngs/PM0728.png> <./pngs/PM0729.png> <./pngs/PM0730.pn
g> <./pngs/PM0731.png> <./pngs/PM0732.png> <./pngs/PM0733.png> <./pngs/PM0734.p
ng> <./pngs/PM0735.png> <./pngs/PM0736.png> <./pngs/PM0737.png> <./pngs/PM0738.
png> <./pngs/PM0739.png> <./pngs/PM0740.png> <./pngs/PM0741.png> <./pngs/PM0742
.png> <./pngs/PM0743.png> <./pngs/PM0744.png> <./pngs/PM0745.png> <./pngs/PM074
6.png> <./pngs/PM0747.png> <./pngs/PM0748.png> <./pngs/PM0749.png> <./pngs/PM07
50.png> <./pngs/PM0751.png> <./pngs/PM0752.png> <./pngs/PM0753.png> <./pngs/PM0
754.png> <./pngs/PM0755.png> <./pngs/PM0756.png> <./pngs/PM0757.png> <./pngs/PM
0758.png> <./pngs/PM0759.png> <./pngs/PM0760.png> <./pngs/PM0761.png> <./pngs/P
M0762.png> <./pngs/PM0763.png> <./pngs/PM0764.png> <./pngs/PM0765.png> <./pngs/
PM0766.png> <./pngs/PM0767.png> <./pngs/PM0768.png> <./pngs/PM0769.png> <./pngs
/PM0770.png> <./pngs/PM0771.png> <./pngs/PM0772.png> <./pngs/PM0773.png> <./png
s/PM0774.png> <./pngs/PM0775.png> <./pngs/PM0776.png> <./pngs/PM0777.png> <./pn
gs/PM0778.png> <./pngs/PM0779.png> <./pngs/PM0780.png> <./pngs/PM0781.png> <./p
ngs/PM0782.png> <./pngs/PM0783.png> <./pngs/PM0784.png> <./pngs/PM0785.png> <./
pngs/PM0786.png> <./pngs/PM0787.png> <./pngs/PM0788.png> <./pngs/PM0789.png> <.
/pngs/PM0790.png> <./pngs/PM0791.png> <./pngs/PM0792.png> <./pngs/PM0793.png> <
./pngs/PM0794.png> <./pngs/PM0795.png> <./pngs/PM0796.png> <./pngs/PM0797.png> 
<./pngs/PM0798.png> <./pngs/PM0799.png> <./pngs/PM0800.png> <./pngs/PM0801.png>
 <./pngs/PM0802.png> <./pngs/PM0803.png> <./pngs/PM0804.png> <./pngs/PM0805.png
> <./pngs/PM0806.png> <./pngs/PM0807.png> <./pngs/PM0808.png> <./pngs/PM0809.pn
g> <./pngs/PM0810.png> <./pngs/PM0811.png> <./pngs/PM0812.png> <./pngs/PM0813.p
ng> <./pngs/PM0814.png> <./pngs/PM0815.png> <./pngs/PM0816.png> <./pngs/PM0817.
png> <./pngs/PM0818.png> <./pngs/PM0819.png> <./pngs/PM0820.png> <./pngs/PM0821
.png> <./pngs/PM0822.png> <./pngs/PM0823.png> <./pngs/PM0824.png> <./pngs/PM082
5.png> <./pngs/PM0826.png> <./pngs/PM0827.png> <./pngs/PM0828.png> <./pngs/PM08
29.png> <./pngs/PM0830.png> <./pngs/PM0831.png> <./pngs/PM0832.png> <./pngs/PM0
833.png> <./pngs/PM0834.png> <./pngs/PM0835.png> <./pngs/PM0836.png> <./pngs/PM
0837.png> <./pngs/PM0838.png> <./pngs/PM0839.png> <./pngs/PM0840.png> <./pngs/P
M0841.png> <./pngs/PM0842.png> <./pngs/PM0843.png> <./pngs/PM0844.png> <./pngs/
PM0845.png> <./pngs/PM0846.png> <./pngs/PM0847.png> <./pngs/PM0848.png> <./pngs
/PM0849.png> <./pngs/PM0850.png> <./pngs/PM0851.png> <./pngs/PM0852.png> <./png
s/PM0853.png> <./pngs/PM0854.png> <./pngs/PM0855.png> <./pngs/PM0856.png> <./pn
gs/PM0857.png> <./pngs/PM0858.png> <./pngs/PM0859.png> <./pngs/PM0860.png> <./p
ngs/PM0861.png> <./pngs/PM0862.png> <./pngs/PM0863.png> <./pngs/PM0864.png> <./
pngs/PM0865.png> <./pngs/PM0866.png> <./pngs/PM0867.png> <./pngs/PM0868.png> <.
/pngs/PM0869.png> <./pngs/PM0870.png> <./pngs/PM0871.png> <./pngs/PM0872.png> <
./pngs/PM0873.png> <./pngs/PM0874.png> <./pngs/PM0875.png> <./pngs/PM0876.png> 
<./pngs/PM0877.png> <./pngs/PM0878.png> <./pngs/PM0879.png> <./pngs/PM0880.png>
 <./pngs/PM0881.png> <./pngs/PM0882.png> <./pngs/PM0883.png> <./pngs/PM0884.png
> <./pngs/PM0885.png> <./pngs/PM0886.png> <./pngs/PM0887.png> <./pngs/PM0888.pn
g> <./pngs/PM0889.png> <./pngs/PM0890.png> <./pngs/PM0891.png> <./pngs/PM0892.p
ng> <./pngs/PM0893.png> <./pngs/PM0894.png> <./pngs/PM0895.png> <./pngs/PM0896.
png> <./pngs/PM0897.png> <./pngs/PM0898.png> <./pngs/PM0899.png> <./pngs/PM0900
.png> <./pngs/PM0901.png> <./pngs/PM0902.png> <./pngs/PM0903.png> <./pngs/PM090
4.png> <./pngs/PM0905.png> <./pngs/PM0906.png> <./pngs/PM0907.png> <./pngs/PM09
08.png> <./pngs/PM0909.png> <./pngs/PM0910.png> <./pngs/PM0911.png> <./pngs/PM0
912.png> <./pngs/PM0913.png> <./pngs/PM0914.png> <./pngs/PM0915.png> <./pngs/PM
0916.png> <./pngs/PM0917.png> <./pngs/PM0918.png> <./pngs/PM0919.png> <./pngs/P
M0920.png> <./pngs/PM0921.png> <./pngs/PM0922.png> <./pngs/PM0923.png> <./pngs/
PM0924.png> <./pngs/PM0925.png> <./pngs/PM0926.png> <./pngs/PM0927.png> <./pngs
/PM0928.png> <./pngs/PM0929.png> <./pngs/PM0930.png> <./pngs/PM0931.png> <./png
s/PM0932.png> <./pngs/PM0933.png> <./pngs/PM0934.png> <./pngs/PM0935.png> <./pn
gs/PM0936.png> <./pngs/PM0937.png> <./pngs/PM0938.png> <./pngs/PM0939.png> <./p
ngs/PM0940.png> <./pngs/PM0941.png> <./pngs/PM0942.png> <./pngs/PM0943.png> <./
pngs/PM0944.png> <./pngs/PM0945.png> <./pngs/PM0946.png> <./pngs/PM0947.png> <.
/pngs/PM0948.png> <./pngs/PM0949.png> <./pngs/PM0950.png> <./pngs/PM0951.png> <
./pngs/PM0952.png> <./pngs/PM0953.png> <./pngs/PM0954.png> <./pngs/PM0955.png> 
<./pngs/PM0956.png> <./pngs/PM0957.png> <./pngs/PM0958.png> <./pngs/PM0959.png>
 <./pngs/PM0960.png> <./pngs/PM0961.png> <./pngs/PM0962.png> <./pngs/PM0963.png
> <./pngs/PM0964.png> <./pngs/PM0965.png> <./pngs/PM0966.png> <./pngs/PM0967.pn
g> <./pngs/PM0968.png> <./pngs/PM0969.png> <./pngs/PM0970.png> <./pngs/PM0971.p
ng> <./pngs/PM0972.png> <./pngs/PM0973.png> <./pngs/PM0974.png> <./pngs/PM0975.
png> <./pngs/PM0976.png> <./pngs/PM0977.png> <./pngs/PM0978.png> <./pngs/PM0979
.png> <./pngs/PM0980.png> <./pngs/PM0981.png> <./pngs/PM0982.png> <./pngs/PM098
3.png> <./pngs/PM0984.png> <./pngs/PM0985.png> <./pngs/PM0986.png> <./pngs/PM09
87.png> <./pngs/PM0988.png> <./pngs/PM0989.png> <./pngs/PM0990.png> <./pngs/PM0
991.png> <./pngs/PM0992.png> <./pngs/PM0993.png> <./pngs/PM0994.png> <./pngs/PM
0995.png> <./pngs/PM0996.png> <./pngs/PM0997.png> <./pngs/PM0998.png> <./pngs/P
M0999.png> <./pngs/PM1000.png> <./pngs/PM1001.png> <./pngs/PM1002.png> <./pngs/
PM1003.png> <./pngs/PM1004.png> <./pngs/PM1005.png> <./pngs/PM1006.png> <./pngs
/PM1007.png> <./pngs/PM1008.png> <./pngs/PM1009.png> <./pngs/PM1010.png> <./png
s/PM1011.png> <./pngs/PM1012.png> <./pngs/PM1013.png> <./pngs/PM1014.png> <./pn
gs/PM1015.png> <./pngs/PM1016.png> <./pngs/PM1017.png> <./pngs/PM1018.png> <./p
ngs/PM1019.png> <./pngs/PM1020.png> <./pngs/PM1021.png> <./pngs/PM1022.png> <./
pngs/PM1023.png> <./pngs/PM1024.png> <./pngs/PM1025.png> <./pngs/PM1026.png> <.
/pngs/PM1027.png> <./pngs/PM1028.png> <./pngs/PM1029.png> <./pngs/PM1030.png> <
./pngs/PM1031.png> <./pngs/PM1032.png> <./pngs/PM1033.png> <./pngs/PM1034.png> 
<./pngs/PM1035.png> <./pngs/PM1036.png> <./pngs/PM1037.png> <./pngs/PM1038.png>
 <./pngs/PM1039.png> <./pngs/PM1040.png> <./pngs/PM1041.png> <./pngs/PM1042.png
> <./pngs/PM1043.png> <./pngs/PM1044.png> <./pngs/PM1045.png> <./pngs/PM1046.pn
g> <./pngs/PM1047.png> <./pngs/PM1048.png> <./pngs/PM1049.png> <./pngs/PM1050.p
ng> <./pngs/PM1051.png> <./pngs/PM1052.png> <./pngs/PM1053.png> <./pngs/PM1054.
png> <./pngs/PM1055.png> <./pngs/PM1056.png> <./pngs/PM1057.png> <./pngs/PM1058
.png> <./pngs/PM1059.png> <./pngs/PM1060.png> <./pngs/PM1061.png> <./pngs/PM106
2.png> <./pngs/PM1063.png> <./pngs/PM1064.png> <./pngs/PM1065.png> <./pngs/PM10
66.png> <./pngs/PM1067.png> <./pngs/PM1068.png> <./pngs/PM1069.png> <./pngs/PM1
070.png> <./pngs/PM1071.png> <./pngs/PM1072.png> <./pngs/PM1073.png> <./pngs/PM
1074.png> <./pngs/PM1075.png> <./pngs/PM1076.png> <./pngs/PM1077.png> <./pngs/P
M1078.png> <./pngs/PM1079.png> <./pngs/PM1080.png> <./pngs/PM1081.png> <./pngs/
PM1082.png> <./pngs/PM1083.png> <./pngs/PM1084.png> <./pngs/PM1085.png> <./pngs
/PM1086.png> <./pngs/PM1087.png> <./pngs/PM1088.png> <./pngs/PM1089.png> <./png
s/PM1090.png> <./pngs/PM1091.png> <./pngs/PM1092.png> <./pngs/PM1093.png> <./pn
gs/PM1094.png> <./pngs/PM1095.png> <./pngs/PM1096.png> <./pngs/PM1097.png> <./p
ngs/PM1098.png> <./pngs/PM1099.png> <./pngs/PM1100.png> <./pngs/PM1101.png> <./
pngs/PM1102.png> <./pngs/PM1103.png> <./pngs/PM1104.png> <./pngs/PM1105.png> <.
/pngs/PM1106.png> <./pngs/PM1107.png> <./pngs/PM1108.png> <./pngs/PM1109.png> <
./pngs/PM1110.png> <./pngs/PM1111.png> <./pngs/PM1112.png> <./pngs/PM1113.png> 
<./pngs/PM1114.png> <./pngs/PM1115.png> <./pngs/PM1116.png> <./pngs/PM1117.png>
 <./pngs/PM1118.png> <./pngs/PM1119.png> <./pngs/PM1120.png> <./pngs/PM1121.png
> <./pngs/PM1122.png> <./pngs/PM1123.png> <./pngs/PM1124.png> <./pngs/PM1125.pn
g> <./pngs/PM1126.png> <./pngs/PM1127.png> <./pngs/PM1128.png> <./pngs/PM1129.p
ng> <./pngs/PM1130.png> <./pngs/PM1131.png> <./pngs/PM1132.png> <./pngs/PM1133.
png> <./pngs/PM1134.png> <./pngs/PM1135.png> <./pngs/PM1136.png> <./pngs/PM1137
.png> <./pngs/PM1138.png> <./pngs/PM1139.png> <./pngs/PM1140.png> <./pngs/PM114
1.png> <./pngs/PM1142.png> <./pngs/PM1143.png> <./pngs/PM1144.png> <./pngs/PM11
45.png> <./pngs/PM1146.png> <./pngs/PM1147.png> <./pngs/PM1148.png> <./pngs/PM1
149.png> <./pngs/PM1150.png> <./pngs/PM1151.png> <./pngs/PM1152.png> <./pngs/PM
1153.png> <./pngs/PM1154.png> <./pngs/PM1155.png> <./pngs/PM1156.png> <./pngs/P
M1157.png> <./pngs/PM1158.png> <./pngs/PM1159.png> <./pngs/PM1160.png> <./pngs/
PM1161.png> <./pngs/PM1162.png> <./pngs/PM1163.png> <./pngs/PM1164.png> <./pngs
/PM1165.png> <./pngs/PM1166.png> <./pngs/PM1167.png> <./pngs/PM1168.png> <./png
s/PM1169.png> <./pngs/PM1170.png> <./pngs/PM1171.png> <./pngs/PM1172.png> <./pn
gs/PM1173.png> <./pngs/PM1174.png> <./pngs/PM1175.png> <./pngs/PM1176.png> <./p
ngs/PM1177.png> <./pngs/PM1178.png> <./pngs/PM1179.png> <./pngs/PM1180.png> <./
pngs/PM1181.png> <./pngs/PM1182.png> <./pngs/PM1183.png> <./pngs/PM1184.png> <.
/pngs/PM1185.png> <./pngs/PM1186.png> <./pngs/PM1187.png> <./pngs/PM1188.png> <
./pngs/PM1189.png> <./pngs/PM1190.png> <./pngs/PM1191.png> <./pngs/PM1192.png> 
<./pngs/PM1193.png> <./pngs/PM1194.png> <./pngs/PM1195.png> <./pngs/PM1196.png>
 <./pngs/PM1197.png> <./pngs/PM1198.png> <./pngs/PM1199.png> <./pngs/PM1200.png
> <./pngs/PM1201.png> <./pngs/PM1202.png> <./pngs/PM1203.png> <./pngs/PM1204.pn
g> <./pngs/PM1205.png> <./pngs/PM1206.png> <./pngs/PM1207.png> <./pngs/PM1208.p
ng> <./pngs/PM1209.png> <./pngs/PM1210.png> <./pngs/PM1211.png> <./pngs/PM1212.
png> <./pngs/PM1213.png> <./pngs/PM1214.png> <./pngs/PM1215.png> <./pngs/PM1216
.png> <./pngs/PM1217.png> <./pngs/PM1218.png> <./pngs/PM1219.png> <./pngs/PM122
0.png> <./pngs/PM1221.png> <./pngs/PM1222.png> <./pngs/PM1223.png> <./pngs/PM12
24.png> <./pngs/PM1225.png> <./pngs/PM1226.png> <./pngs/PM1227.png> <./pngs/PM1
228.png> <./pngs/PM1229.png> <./pngs/PM1230.png> <./pngs/PM1231.png> <./pngs/PM
1232.png> <./pngs/PM1233.png> <./pngs/PM1234.png> <./pngs/PM1235.png> <./pngs/P
M1236.png> <./pngs/PM1237.png> <./pngs/PM1238.png> <./pngs/PM1239.png> <./pngs/
PM1240.png> <./pngs/PM1241.png> <./pngs/PM1242.png> <./pngs/PM1243.png> <./pngs
/PM1244.png> <./pngs/PM1245.png> <./pngs/PM1246.png> <./pngs/PM1247.png> <./png
s/PM1248.png> <./pngs/PM1249.png> <./pngs/PM1250.png> <./pngs/PM1251.png> <./pn
gs/PM1252.png> <./pngs/PM1253.png> <./pngs/PM1254.png> <./pngs/PM1255.png> <./p
ngs/PM1256.png> <./pngs/PM1257.png> <./pngs/PM1258.png> <./pngs/PM1259.png> <./
pngs/PM1260.png> <./pngs/PM1261.png> <./pngs/PM1262.png> <./pngs/PM1263.png> <.
/pngs/PM1264.png> <./pngs/PM1265.png> <./pngs/PM1266.png> <./pngs/PM1267.png> <
./pngs/PM1268.png> <./pngs/PM1269.png> <./pngs/PM1270.png> <./pngs/PM1271.png> 
<./pngs/PM1272.png> <./pngs/PM1273.png> <./pngs/PM1274.png> <./pngs/PM1275.png>
 <./pngs/PM1276.png> <./pngs/PM1277.png> <./pngs/PM1278.png> <./pngs/PM1279.png
> <./pngs/PM1280.png> <./pngs/PM1281.png> <./pngs/PM1282.png> <./pngs/PM1283.pn
g> <./pngs/PM1284.png> <./pngs/PM1285.png> <./pngs/PM1286.png> <./pngs/PM1287.p
ng> <./pngs/PM1288.png> <./pngs/PM1289.png> <./pngs/PM1290.png> <./pngs/PM1291.
png> <./pngs/PM1292.png> <./pngs/PM1293.png> <./pngs/PM1294.png> <./pngs/PM1295
.png> <./pngs/PM1296.png>

LaTeX Font Warning: Font shape `OT1/cmss/m/n' in size <4> not available
(Font)              size <5> substituted on input line 13.

Package atenddvi Info: Last page = 1.
[1

{/usr/local/texlive/2015/texmf-var/fonts/map/pdftex/updmap/pdftex.map}]
\tf@nav=\write6
\openout6 = `beamer_ex.nav'.

\tf@toc=\write7
\openout7 = `beamer_ex.toc'.

\tf@snm=\write8
\openout8 = `beamer_ex.snm'.

Package atveryend Info: Empty hook `BeforeClearDocument' on input line 15.
Package atveryend Info: Executing hook `AfterLastShipout' on input line 15.

(./beamer_ex.aux)
Package atveryend Info: Executing hook `AtVeryEndDocument' on input line 15.
Package atveryend Info: Executing hook `AtEndAfterFileList' on input line 15.
Package rerunfilecheck Info: File `beamer_ex.out' has not changed.
(rerunfilecheck)             Checksum: D41D8CD98F00B204E9800998ECF8427E;0.


LaTeX Font Warning: Size substitutions with differences
(Font)              up to 1.0pt have occurred.

Package atveryend Info: Empty hook `AtVeryVeryEnd' on input line 15.
 ) 
Here is how much of TeX's memory you used:
 36803 strings out of 493089
 699061 string characters out of 6134842
 728195 words of memory out of 5000000
 38500 multiletter control sequences out of 15000+600000
 5152 words of font info for 19 fonts, out of 8000000 for 9000
 1141 hyphenation exceptions out of 8191
 58i,14n,63p,10366b,551s stack positions out of 5000i,500n,10000p,200000b,80000s
</usr/local/texlive/2015/texmf-dist/fonts/type1/public/amsfonts/cm/cmss12.pfb
>
Output written on beamer_ex.pdf (1 page, 21074093 bytes).
PDF statistics:
 7854 PDF objects out of 8907 (max. 8388607)
 2632 compressed objects within 27 object streams
 3 named destinations out of 1000 (max. 500000)
 22087 words of extra memory for PDF output out of 24883 (max. 10000000)

